<?xml version="1.0" encoding="UTF-8"?>
<coverage generated="1787065583371" clover="3.2.0">
  <project timestamp="1787065583371" name="All files">
    <metrics statements="1386" coveredstatements="1235" conditionals="484" coveredconditionals="354" methods="158" coveredmethods="87" elements="2028" coveredelements="1676" complexity="0" loc="1386" ncloc="1386" packages="5" files="17" classes="17"/>
    <package name="src">
      <metrics statements="41" coveredstatements="0" conditionals="1" coveredconditionals="0" methods="1" coveredmethods="0"/>
      <file name="App.tsx" path="/root/projects/hp7475a-web/frontend/src/App.tsx">
        <metrics statements="41" coveredstatements="0" conditionals="1" coveredconditionals="0" methods="1" coveredmethods="0"/>
        <line num="1" count="0" type="cond" truecount="0" falsecount="1"/>
        <line num="11" count="0" type="stmt"/>
        <line num="15" count="0" type="stmt"/>
        <line num="16" count="0" type="stmt"/>
        <line num="17" count="0" type="stmt"/>
        <line num="18" count="0" type="stmt"/>
        <line num="19" count="0" type="stmt"/>
        <line num="20" count="0" type="stmt"/>
        <line num="21" count="0" type="stmt"/>
        <line num="22" count="0" type="stmt"/>
        <line num="23" count="0" type="stmt"/>
        <line num="24" count="0" type="stmt"/>
        <line num="25" count="0" type="stmt"/>
        <line num="26" count="0" type="stmt"/>
        <line num="27" count="0" type="stmt"/>
        <line num="28" count="0" type="stmt"/>
        <line num="29" count="0" type="stmt"/>
        <line num="30" count="0" type="stmt"/>
        <line num="31" count="0" type="stmt"/>
        <line num="32" count="0" type="stmt"/>
        <line num="33" count="0" type="stmt"/>
        <line num="34" count="0" type="stmt"/>
        <line num="35" count="0" type="stmt"/>
        <line num="36" count="0" type="stmt"/>
        <line num="37" count="0" type="stmt"/>
        <line num="38" count="0" type="stmt"/>
        <line num="39" count="0" type="stmt"/>
        <line num="40" count="0" type="stmt"/>
        <line num="41" count="0" type="stmt"/>
        <line num="42" count="0" type="stmt"/>
        <line num="43" count="0" type="stmt"/>
        <line num="44" count="0" type="stmt"/>
        <line num="45" count="0" type="stmt"/>
        <line num="46" count="0" type="stmt"/>
        <line num="48" count="0" type="stmt"/>
        <line num="50" count="0" type="stmt"/>
        <line num="51" count="0" type="stmt"/>
        <line num="52" count="0" type="stmt"/>
        <line num="53" count="0" type="stmt"/>
        <line num="54" count="0" type="stmt"/>
        <line num="56" count="0" type="stmt"/>
      </file>
    </package>
    <package name="src.api">
      <metrics statements="178" coveredstatements="168" conditionals="56" coveredconditionals="43" methods="43" coveredmethods="22"/>
      <file name="client.ts" path="/root/projects/hp7475a-web/frontend/src/api/client.ts">
        <metrics statements="107" coveredstatements="100" conditionals="36" coveredconditionals="27" methods="34" coveredmethods="14"/>
        <line num="11" count="1" type="stmt"/>
        <line num="13" count="1" type="cond" truecount="1" falsecount="0"/>
        <line num="14" count="4" type="stmt"/>
        <line num="15" count="4" type="stmt"/>
        <line num="16" count="4" type="cond" truecount="1" falsecount="0"/>
        <line num="17" count="4" type="cond" truecount="3" falsecount="0"/>
        <line num="18" count="4" type="stmt"/>
        <line num="19" count="4" type="stmt"/>
        <line num="20" count="4" type="stmt"/>
        <line num="21" count="4" type="stmt"/>
        <line num="23" count="3" type="cond" truecount="1" falsecount="0"/>
        <line num="24" count="3" type="stmt"/>
        <line num="25" count="3" type="stmt"/>
        <line num="26" count="3" type="cond" truecount="0" falsecount="1"/>
        <line num="27" count="3" type="cond" truecount="0" falsecount="1"/>
        <line num="28" count="3" type="cond" truecount="0" falsecount="1"/>
        <line num="29" count="3" type="stmt"/>
        <line num="31" count="7" type="cond" truecount="1" falsecount="0"/>
        <line num="32" count="7" type="stmt"/>
        <line num="33" count="7" type="stmt"/>
        <line num="34" count="7" type="cond" truecount="1" falsecount="0"/>
        <line num="35" count="7" type="cond" truecount="1" falsecount="0"/>
        <line num="36" count="1" type="stmt"/>
        <line num="37" count="1" type="cond" truecount="1" falsecount="0"/>
        <line num="38" count="7" type="cond" truecount="1" falsecount="0"/>
        <line num="39" count="2" type="stmt"/>
        <line num="40" count="2" type="cond" truecount="0" falsecount="1"/>
        <line num="41" count="2" type="stmt"/>
        <line num="42" count="2" type="cond" truecount="1" falsecount="0"/>
        <line num="43" count="4" type="stmt"/>
        <line num="44" count="4" type="stmt"/>
        <line num="46" count="1" type="cond" truecount="1" falsecount="0"/>
        <line num="47" count="1" type="stmt"/>
        <line num="48" count="1" type="stmt"/>
        <line num="49" count="1" type="stmt"/>
        <line num="50" count="1" type="cond" truecount="0" falsecount="1"/>
        <line num="51" count="1" type="stmt"/>
        <line num="52" count="1" type="stmt"/>
        <line num="55" count="1" type="cond" truecount="1" falsecount="0"/>
        <line num="56" count="5" type="cond" truecount="1" falsecount="0"/>
        <line num="57" count="3" type="cond" truecount="2" falsecount="0"/>
        <line num="58" count="3" type="cond" truecount="0" falsecount="1"/>
        <line num="59" count="3" type="cond" truecount="1" falsecount="0"/>
        <line num="60" count="2" type="cond" truecount="0" falsecount="1"/>
        <line num="61" count="0" type="stmt"/>
        <line num="62" count="0" type="stmt"/>
        <line num="64" count="1" type="stmt"/>
        <line num="65" count="1" type="cond" truecount="1" falsecount="0"/>
        <line num="67" count="1" type="stmt"/>
        <line num="69" count="1" type="stmt"/>
        <line num="70" count="0" type="stmt"/>
        <line num="71" count="0" type="stmt"/>
        <line num="72" count="0" type="stmt"/>
        <line num="74" count="1" type="stmt"/>
        <line num="75" count="1" type="stmt"/>
        <line num="76" count="1" type="stmt"/>
        <line num="77" count="1" type="stmt"/>
        <line num="79" count="1" type="stmt"/>
        <line num="80" count="1" type="stmt"/>
        <line num="81" count="1" type="stmt"/>
        <line num="82" count="1" type="cond" truecount="1" falsecount="0"/>
        <line num="83" count="1" type="stmt"/>
        <line num="84" count="1" type="stmt"/>
        <line num="86" count="1" type="cond" truecount="1" falsecount="0"/>
        <line num="87" count="1" type="stmt"/>
        <line num="88" count="1" type="stmt"/>
        <line num="89" count="1" type="stmt"/>
        <line num="90" count="1" type="stmt"/>
        <line num="92" count="1" type="cond" truecount="1" falsecount="0"/>
        <line num="93" count="1" type="stmt"/>
        <line num="94" count="1" type="stmt"/>
        <line num="95" count="1" type="stmt"/>
        <line num="96" count="1" type="stmt"/>
        <line num="98" count="1" type="stmt"/>
        <line num="100" count="1" type="cond" truecount="1" falsecount="0"/>
        <line num="101" count="1" type="stmt"/>
        <line num="102" count="1" type="stmt"/>
        <line num="103" count="1" type="stmt"/>
        <line num="105" count="1" type="cond" truecount="1" falsecount="0"/>
        <line num="106" count="1" type="stmt"/>
        <line num="107" count="1" type="stmt"/>
        <line num="109" count="1" type="stmt"/>
        <line num="110" count="1" type="stmt"/>
        <line num="111" count="1" type="stmt"/>
        <line num="112" count="1" type="stmt"/>
        <line num="113" count="1" type="stmt"/>
        <line num="117" count="1" type="cond" truecount="1" falsecount="0"/>
        <line num="118" count="2" type="stmt"/>
        <line num="119" count="2" type="stmt"/>
        <line num="120" count="2" type="stmt"/>
        <line num="121" count="2" type="cond" truecount="0" falsecount="1"/>
        <line num="122" count="0" type="stmt"/>
        <line num="123" count="0" type="stmt"/>
        <line num="124" count="2" type="cond" truecount="1" falsecount="0"/>
        <line num="125" count="1" type="stmt"/>
        <line num="126" count="1" type="cond" truecount="0" falsecount="1"/>
        <line num="127" count="1" type="stmt"/>
        <line num="128" count="1" type="stmt"/>
        <line num="129" count="1" type="stmt"/>
        <line num="130" count="2" type="stmt"/>
        <line num="132" count="1" type="stmt"/>
        <line num="133" count="1" type="cond" truecount="1" falsecount="0"/>
        <line num="134" count="1" type="stmt"/>
        <line num="135" count="1" type="stmt"/>
        <line num="136" count="1" type="stmt"/>
        <line num="137" count="1" type="stmt"/>
        <line num="138" count="1" type="stmt"/>
      </file>
      <file name="types.ts" path="/root/projects/hp7475a-web/frontend/src/api/types.ts">
        <metrics statements="12" coveredstatements="12" conditionals="2" coveredconditionals="2" methods="1" coveredmethods="1"/>
        <line num="149" count="1" type="cond" truecount="1" falsecount="0"/>
        <line num="150" count="7" type="cond" truecount="1" falsecount="0"/>
        <line num="151" count="7" type="stmt"/>
        <line num="154" count="1" type="stmt"/>
        <line num="155" count="1" type="stmt"/>
        <line num="156" count="1" type="stmt"/>
        <line num="157" count="1" type="stmt"/>
        <line num="158" count="1" type="stmt"/>
        <line num="159" count="1" type="stmt"/>
        <line num="160" count="1" type="stmt"/>
        <line num="161" count="1" type="stmt"/>
        <line num="163" count="1" type="stmt"/>
      </file>
      <file name="ws.ts" path="/root/projects/hp7475a-web/frontend/src/api/ws.ts">
        <metrics statements="59" coveredstatements="56" conditionals="18" coveredconditionals="14" methods="8" coveredmethods="7"/>
        <line num="1" count="1" type="stmt"/>
        <line num="10" count="1" type="stmt"/>
        <line num="12" count="28" type="cond" truecount="1" falsecount="0"/>
        <line num="13" count="28" type="stmt"/>
        <line num="14" count="28" type="cond" truecount="0" falsecount="1"/>
        <line num="15" count="28" type="cond" truecount="0" falsecount="1"/>
        <line num="16" count="28" type="stmt"/>
        <line num="17" count="28" type="stmt"/>
        <line num="33" count="1" type="cond" truecount="1" falsecount="0"/>
        <line num="34" count="93" type="stmt"/>
        <line num="35" count="93" type="stmt"/>
        <line num="37" count="93" type="stmt"/>
        <line num="38" count="93" type="stmt"/>
        <line num="39" count="93" type="stmt"/>
        <line num="40" count="93" type="stmt"/>
        <line num="42" count="93" type="cond" truecount="1" falsecount="0"/>
        <line num="43" count="27" type="stmt"/>
        <line num="44" count="27" type="stmt"/>
        <line num="45" count="27" type="stmt"/>
        <line num="46" count="27" type="stmt"/>
        <line num="48" count="27" type="cond" truecount="1" falsecount="0"/>
        <line num="49" count="28" type="cond" truecount="0" falsecount="1"/>
        <line num="50" count="28" type="stmt"/>
        <line num="51" count="28" type="stmt"/>
        <line num="52" count="28" type="stmt"/>
        <line num="53" count="28" type="stmt"/>
        <line num="54" count="28" type="cond" truecount="0" falsecount="1"/>
        <line num="55" count="0" type="stmt"/>
        <line num="56" count="0" type="stmt"/>
        <line num="57" count="0" type="stmt"/>
        <line num="58" count="28" type="cond" truecount="1" falsecount="0"/>
        <line num="59" count="28" type="cond" truecount="1" falsecount="0"/>
        <line num="60" count="67" type="stmt"/>
        <line num="61" count="67" type="stmt"/>
        <line num="62" count="67" type="stmt"/>
        <line num="63" count="67" type="cond" truecount="1" falsecount="0"/>
        <line num="64" count="67" type="cond" truecount="1" falsecount="0"/>
        <line num="65" count="67" type="cond" truecount="1" falsecount="0"/>
        <line num="66" count="67" type="stmt"/>
        <line num="67" count="28" type="cond" truecount="1" falsecount="0"/>
        <line num="68" count="28" type="stmt"/>
        <line num="69" count="28" type="cond" truecount="1" falsecount="0"/>
        <line num="70" count="28" type="stmt"/>
        <line num="71" count="28" type="stmt"/>
        <line num="72" count="28" type="stmt"/>
        <line num="74" count="27" type="cond" truecount="1" falsecount="0"/>
        <line num="75" count="1" type="stmt"/>
        <line num="76" count="1" type="stmt"/>
        <line num="77" count="1" type="stmt"/>
        <line num="78" count="1" type="stmt"/>
        <line num="80" count="27" type="stmt"/>
        <line num="81" count="27" type="cond" truecount="1" falsecount="0"/>
        <line num="82" count="27" type="stmt"/>
        <line num="83" count="27" type="cond" truecount="1" falsecount="0"/>
        <line num="84" count="27" type="stmt"/>
        <line num="85" count="27" type="stmt"/>
        <line num="86" count="93" type="stmt"/>
        <line num="88" count="93" type="stmt"/>
        <line num="89" count="93" type="stmt"/>
      </file>
    </package>
    <package name="src.components">
      <metrics statements="187" coveredstatements="187" conditionals="77" coveredconditionals="63" methods="16" coveredmethods="15"/>
      <file name="Modal.tsx" path="/root/projects/hp7475a-web/frontend/src/components/Modal.tsx">
        <metrics statements="20" coveredstatements="20" conditionals="6" coveredconditionals="5" methods="2" coveredmethods="2"/>
        <line num="1" count="1" type="stmt"/>
        <line num="5" count="4" type="cond" truecount="1" falsecount="0"/>
        <line num="6" count="4" type="stmt"/>
        <line num="7" count="4" type="stmt"/>
        <line num="8" count="4" type="stmt"/>
        <line num="9" count="4" type="cond" truecount="1" falsecount="0"/>
        <line num="10" count="4" type="cond" truecount="0" falsecount="1"/>
        <line num="11" count="4" type="cond" truecount="1" falsecount="0"/>
        <line num="12" count="4" type="stmt"/>
        <line num="13" count="4" type="cond" truecount="1" falsecount="0"/>
        <line num="14" count="4" type="stmt"/>
        <line num="16" count="4" type="stmt"/>
        <line num="17" count="4" type="stmt"/>
        <line num="18" count="4" type="stmt"/>
        <line num="19" count="4" type="stmt"/>
        <line num="20" count="4" type="stmt"/>
        <line num="21" count="4" type="cond" truecount="1" falsecount="0"/>
        <line num="22" count="4" type="stmt"/>
        <line num="23" count="4" type="stmt"/>
        <line num="25" count="4" type="stmt"/>
      </file>
      <file name="PagePreview.tsx" path="/root/projects/hp7475a-web/frontend/src/components/PagePreview.tsx">
        <metrics statements="65" coveredstatements="65" conditionals="34" coveredconditionals="24" methods="4" coveredmethods="4"/>
        <line num="1" count="1" type="stmt"/>
        <line num="7" count="1" type="cond" truecount="1" falsecount="0"/>
        <line num="8" count="4" type="stmt"/>
        <line num="9" count="4" type="stmt"/>
        <line num="10" count="4" type="stmt"/>
        <line num="11" count="4" type="stmt"/>
        <line num="12" count="4" type="stmt"/>
        <line num="13" count="4" type="stmt"/>
        <line num="16" count="1" type="cond" truecount="1" falsecount="0"/>
        <line num="17" count="4" type="stmt"/>
        <line num="18" count="4" type="stmt"/>
        <line num="19" count="4" type="stmt"/>
        <line num="20" count="4" type="cond" truecount="1" falsecount="0"/>
        <line num="21" count="4" type="stmt"/>
        <line num="22" count="4" type="stmt"/>
        <line num="23" count="4" type="cond" truecount="0" falsecount="1"/>
        <line num="24" count="4" type="cond" truecount="0" falsecount="1"/>
        <line num="25" count="4" type="cond" truecount="0" falsecount="2"/>
        <line num="26" count="4" type="cond" truecount="0" falsecount="2"/>
        <line num="27" count="4" type="stmt"/>
        <line num="37" count="33" type="cond" truecount="1" falsecount="0"/>
        <line num="38" count="33" type="stmt"/>
        <line num="39" count="33" type="stmt"/>
        <line num="40" count="33" type="cond" truecount="3" falsecount="0"/>
        <line num="41" count="33" type="cond" truecount="3" falsecount="0"/>
        <line num="43" count="33" type="cond" truecount="2" falsecount="0"/>
        <line num="44" count="1" type="stmt"/>
        <line num="45" count="1" type="stmt"/>
        <line num="46" count="1" type="stmt"/>
        <line num="47" count="1" type="stmt"/>
        <line num="48" count="1" type="stmt"/>
        <line num="49" count="1" type="stmt"/>
        <line num="50" count="33" type="cond" truecount="2" falsecount="0"/>
        <line num="51" count="26" type="stmt"/>
        <line num="52" count="26" type="stmt"/>
        <line num="53" count="26" type="stmt"/>
        <line num="54" count="26" type="cond" truecount="2" falsecount="0"/>
        <line num="55" count="33" type="cond" truecount="2" falsecount="0"/>
        <line num="56" count="33" type="stmt"/>
        <line num="57" count="33" type="cond" truecount="1" falsecount="1"/>
        <line num="58" count="33" type="cond" truecount="1" falsecount="1"/>
        <line num="59" count="33" type="stmt"/>
        <line num="60" count="33" type="stmt"/>
        <line num="61" count="33" type="stmt"/>
        <line num="62" count="33" type="stmt"/>
        <line num="64" count="33" type="stmt"/>
        <line num="65" count="33" type="stmt"/>
        <line num="67" count="33" type="stmt"/>
        <line num="68" count="33" type="stmt"/>
        <line num="69" count="33" type="stmt"/>
        <line num="71" count="33" type="cond" truecount="1" falsecount="1"/>
        <line num="72" count="33" type="stmt"/>
        <line num="73" count="33" type="stmt"/>
        <line num="74" count="33" type="stmt"/>
        <line num="75" count="33" type="cond" truecount="2" falsecount="0"/>
        <line num="76" count="33" type="stmt"/>
        <line num="77" count="33" type="stmt"/>
        <line num="79" count="33" type="stmt"/>
        <line num="82" count="6" type="cond" truecount="1" falsecount="0"/>
        <line num="83" count="6" type="stmt"/>
        <line num="84" count="6" type="cond" truecount="0" falsecount="1"/>
        <line num="85" count="6" type="stmt"/>
        <line num="86" count="6" type="stmt"/>
        <line num="87" count="6" type="stmt"/>
        <line num="88" count="6" type="stmt"/>
      </file>
      <file name="PenMap.tsx" path="/root/projects/hp7475a-web/frontend/src/components/PenMap.tsx">
        <metrics statements="63" coveredstatements="63" conditionals="21" coveredconditionals="18" methods="5" coveredmethods="5"/>
        <line num="1" count="1" type="stmt"/>
        <line num="5" count="1" type="cond" truecount="1" falsecount="0"/>
        <line num="6" count="7" type="cond" truecount="2" falsecount="0"/>
        <line num="7" count="7" type="stmt"/>
        <line num="10" count="1" type="cond" truecount="1" falsecount="0"/>
        <line num="11" count="11" type="cond" truecount="2" falsecount="0"/>
        <line num="12" count="10" type="cond" truecount="2" falsecount="1"/>
        <line num="13" count="11" type="stmt"/>
        <line num="14" count="11" type="stmt"/>
        <line num="20" count="21" type="cond" truecount="1" falsecount="0"/>
        <line num="21" count="21" type="stmt"/>
        <line num="22" count="21" type="stmt"/>
        <line num="26" count="21" type="stmt"/>
        <line num="27" count="21" type="cond" truecount="1" falsecount="0"/>
        <line num="28" count="2" type="stmt"/>
        <line num="29" count="2" type="cond" truecount="1" falsecount="0"/>
        <line num="30" count="19" type="cond" truecount="1" falsecount="0"/>
        <line num="31" count="1" type="cond" truecount="0" falsecount="1"/>
        <line num="32" count="1" type="stmt"/>
        <line num="33" count="1" type="stmt"/>
        <line num="34" count="19" type="stmt"/>
        <line num="35" count="19" type="stmt"/>
        <line num="36" count="19" type="stmt"/>
        <line num="37" count="19" type="stmt"/>
        <line num="38" count="19" type="stmt"/>
        <line num="39" count="19" type="stmt"/>
        <line num="40" count="19" type="cond" truecount="1" falsecount="0"/>
        <line num="41" count="20" type="stmt"/>
        <line num="42" count="20" type="stmt"/>
        <line num="43" count="20" type="stmt"/>
        <line num="44" count="20" type="stmt"/>
        <line num="45" count="20" type="stmt"/>
        <line num="46" count="20" type="stmt"/>
        <line num="47" count="20" type="cond" truecount="1" falsecount="0"/>
        <line num="48" count="20" type="cond" truecount="1" falsecount="0"/>
        <line num="49" count="20" type="stmt"/>
        <line num="50" count="20" type="stmt"/>
        <line num="51" count="20" type="stmt"/>
        <line num="52" count="20" type="cond" truecount="0" falsecount="1"/>
        <line num="53" count="20" type="cond" truecount="1" falsecount="0"/>
        <line num="54" count="2" type="stmt"/>
        <line num="55" count="2" type="cond" truecount="1" falsecount="0"/>
        <line num="56" count="1" type="stmt"/>
        <line num="57" count="1" type="stmt"/>
        <line num="58" count="1" type="stmt"/>
        <line num="59" count="1" type="stmt"/>
        <line num="60" count="2" type="stmt"/>
        <line num="61" count="20" type="stmt"/>
        <line num="62" count="20" type="cond" truecount="1" falsecount="0"/>
        <line num="63" count="120" type="stmt"/>
        <line num="64" count="120" type="stmt"/>
        <line num="65" count="120" type="stmt"/>
        <line num="66" count="20" type="stmt"/>
        <line num="67" count="20" type="stmt"/>
        <line num="68" count="20" type="stmt"/>
        <line num="69" count="20" type="stmt"/>
        <line num="70" count="20" type="stmt"/>
        <line num="72" count="20" type="stmt"/>
        <line num="73" count="20" type="stmt"/>
        <line num="75" count="19" type="stmt"/>
        <line num="76" count="19" type="stmt"/>
        <line num="77" count="19" type="stmt"/>
        <line num="79" count="19" type="stmt"/>
      </file>
      <file name="Progress.tsx" path="/root/projects/hp7475a-web/frontend/src/components/Progress.tsx">
        <metrics statements="15" coveredstatements="15" conditionals="10" coveredconditionals="10" methods="2" coveredmethods="2"/>
        <line num="1" count="1" type="stmt"/>
        <line num="3" count="24" type="cond" truecount="1" falsecount="0"/>
        <line num="4" count="24" type="stmt"/>
        <line num="5" count="24" type="stmt"/>
        <line num="6" count="24" type="cond" truecount="2" falsecount="0"/>
        <line num="7" count="24" type="cond" truecount="1" falsecount="0"/>
        <line num="8" count="24" type="stmt"/>
        <line num="9" count="24" type="cond" truecount="2" falsecount="0"/>
        <line num="10" count="24" type="stmt"/>
        <line num="11" count="24" type="stmt"/>
        <line num="12" count="24" type="stmt"/>
        <line num="13" count="24" type="cond" truecount="4" falsecount="0"/>
        <line num="14" count="24" type="stmt"/>
        <line num="15" count="24" type="stmt"/>
        <line num="17" count="24" type="stmt"/>
      </file>
      <file name="StatusBadge.tsx" path="/root/projects/hp7475a-web/frontend/src/components/StatusBadge.tsx">
        <metrics statements="10" coveredstatements="10" conditionals="2" coveredconditionals="2" methods="1" coveredmethods="1"/>
        <line num="1" count="1" type="stmt"/>
        <line num="4" count="1" type="stmt"/>
        <line num="5" count="1" type="stmt"/>
        <line num="6" count="1" type="stmt"/>
        <line num="7" count="1" type="stmt"/>
        <line num="8" count="1" type="stmt"/>
        <line num="9" count="1" type="stmt"/>
        <line num="11" count="25" type="cond" truecount="1" falsecount="0"/>
        <line num="12" count="25" type="cond" truecount="1" falsecount="0"/>
        <line num="13" count="25" type="stmt"/>
      </file>
      <file name="Toast.tsx" path="/root/projects/hp7475a-web/frontend/src/components/Toast.tsx">
        <metrics statements="14" coveredstatements="14" conditionals="4" coveredconditionals="4" methods="2" coveredmethods="1"/>
        <line num="1" count="1" type="stmt"/>
        <line num="4" count="68" type="cond" truecount="1" falsecount="0"/>
        <line num="5" count="68" type="stmt"/>
        <line num="6" count="68" type="cond" truecount="2" falsecount="0"/>
        <line num="7" count="4" type="stmt"/>
        <line num="8" count="4" type="stmt"/>
        <line num="9" count="4" type="cond" truecount="1" falsecount="0"/>
        <line num="10" count="4" type="stmt"/>
        <line num="11" count="4" type="stmt"/>
        <line num="12" count="4" type="stmt"/>
        <line num="13" count="4" type="stmt"/>
        <line num="14" count="4" type="stmt"/>
        <line num="15" count="4" type="stmt"/>
        <line num="17" count="4" type="stmt"/>
      </file>
    </package>
    <package name="src.pages">
      <metrics statements="923" coveredstatements="826" conditionals="333" coveredconditionals="235" methods="95" coveredmethods="48"/>
      <file name="DevicePage.tsx" path="/root/projects/hp7475a-web/frontend/src/pages/DevicePage.tsx">
        <metrics statements="204" coveredstatements="167" conditionals="69" coveredconditionals="45" methods="25" coveredmethods="11"/>
        <line num="1" count="1" type="stmt"/>
        <line num="7" count="1" type="cond" truecount="1" falsecount="0"/>
        <line num="8" count="8" type="stmt"/>
        <line num="9" count="8" type="stmt"/>
        <line num="11" count="1" type="stmt"/>
        <line num="13" count="15" type="cond" truecount="1" falsecount="0"/>
        <line num="14" count="15" type="stmt"/>
        <line num="15" count="15" type="stmt"/>
        <line num="16" count="15" type="stmt"/>
        <line num="17" count="15" type="stmt"/>
        <line num="18" count="15" type="stmt"/>
        <line num="19" count="15" type="stmt"/>
        <line num="20" count="15" type="stmt"/>
        <line num="21" count="15" type="stmt"/>
        <line num="22" count="15" type="stmt"/>
        <line num="23" count="15" type="stmt"/>
        <line num="24" count="15" type="stmt"/>
        <line num="25" count="15" type="stmt"/>
        <line num="26" count="15" type="stmt"/>
        <line num="28" count="15" type="cond" truecount="1" falsecount="0"/>
        <line num="29" count="3" type="stmt"/>
        <line num="30" count="3" type="stmt"/>
        <line num="31" count="3" type="stmt"/>
        <line num="32" count="3" type="stmt"/>
        <line num="33" count="3" type="cond" truecount="0" falsecount="1"/>
        <line num="34" count="0" type="stmt"/>
        <line num="35" count="0" type="stmt"/>
        <line num="36" count="3" type="stmt"/>
        <line num="38" count="15" type="cond" truecount="1" falsecount="0"/>
        <line num="39" count="1" type="cond" truecount="0" falsecount="1"/>
        <line num="40" count="1" type="stmt"/>
        <line num="41" count="1" type="stmt"/>
        <line num="42" count="1" type="stmt"/>
        <line num="43" count="1" type="stmt"/>
        <line num="44" count="1" type="stmt"/>
        <line num="45" count="1" type="stmt"/>
        <line num="46" count="1" type="stmt"/>
        <line num="47" count="1" type="stmt"/>
        <line num="48" count="1" type="stmt"/>
        <line num="49" count="1" type="cond" truecount="0" falsecount="1"/>
        <line num="50" count="0" type="stmt"/>
        <line num="51" count="1" type="stmt"/>
        <line num="52" count="1" type="stmt"/>
        <line num="53" count="1" type="stmt"/>
        <line num="54" count="1" type="stmt"/>
        <line num="56" count="15" type="cond" truecount="1" falsecount="0"/>
        <line num="57" count="1" type="stmt"/>
        <line num="58" count="1" type="stmt"/>
        <line num="59" count="1" type="stmt"/>
        <line num="60" count="1" type="cond" truecount="0" falsecount="1"/>
        <line num="61" count="1" type="stmt"/>
        <line num="62" count="1" type="stmt"/>
        <line num="63" count="1" type="cond" truecount="0" falsecount="1"/>
        <line num="64" count="1" type="stmt"/>
        <line num="65" count="1" type="cond" truecount="0" falsecount="1"/>
        <line num="66" count="0" type="stmt"/>
        <line num="67" count="1" type="stmt"/>
        <line num="68" count="1" type="stmt"/>
        <line num="69" count="1" type="stmt"/>
        <line num="70" count="1" type="stmt"/>
        <line num="72" count="15" type="stmt"/>
        <line num="73" count="0" type="stmt"/>
        <line num="74" count="0" type="stmt"/>
        <line num="75" count="0" type="stmt"/>
        <line num="77" count="15" type="stmt"/>
        <line num="78" count="0" type="stmt"/>
        <line num="79" count="0" type="stmt"/>
        <line num="80" count="0" type="stmt"/>
        <line num="81" count="0" type="stmt"/>
        <line num="82" count="0" type="stmt"/>
        <line num="83" count="0" type="stmt"/>
        <line num="84" count="0" type="stmt"/>
        <line num="86" count="15" type="cond" truecount="2" falsecount="0"/>
        <line num="88" count="15" type="stmt"/>
        <line num="89" count="15" type="stmt"/>
        <line num="90" count="15" type="stmt"/>
        <line num="91" count="15" type="cond" truecount="2" falsecount="0"/>
        <line num="93" count="15" type="cond" truecount="1" falsecount="0"/>
        <line num="94" count="15" type="cond" truecount="2" falsecount="0"/>
        <line num="95" count="3" type="stmt"/>
        <line num="96" count="3" type="stmt"/>
        <line num="97" count="3" type="cond" truecount="0" falsecount="1"/>
        <line num="98" count="3" type="stmt"/>
        <line num="101" count="15" type="cond" truecount="1" falsecount="0"/>
        <line num="102" count="12" type="stmt"/>
        <line num="103" count="12" type="cond" truecount="5" falsecount="0"/>
        <line num="104" count="12" type="stmt"/>
        <line num="106" count="12" type="cond" truecount="1" falsecount="0"/>
        <line num="107" count="11" type="stmt"/>
        <line num="108" count="11" type="stmt"/>
        <line num="109" count="11" type="cond" truecount="1" falsecount="0"/>
        <line num="110" count="11" type="stmt"/>
        <line num="111" count="11" type="cond" truecount="0" falsecount="1"/>
        <line num="112" count="11" type="cond" truecount="2" falsecount="0"/>
        <line num="113" count="11" type="cond" truecount="2" falsecount="0"/>
        <line num="114" count="11" type="stmt"/>
        <line num="115" count="11" type="cond" truecount="2" falsecount="0"/>
        <line num="116" count="6" type="cond" truecount="3" falsecount="0"/>
        <line num="117" count="6" type="stmt"/>
        <line num="118" count="6" type="cond" truecount="1" falsecount="0"/>
        <line num="119" count="6" type="cond" truecount="1" falsecount="0"/>
        <line num="120" count="6" type="stmt"/>
        <line num="121" count="6" type="stmt"/>
        <line num="122" count="6" type="cond" truecount="1" falsecount="0"/>
        <line num="123" count="6" type="cond" truecount="1" falsecount="0"/>
        <line num="124" count="6" type="cond" truecount="2" falsecount="0"/>
        <line num="125" count="6" type="stmt"/>
        <line num="126" count="6" type="stmt"/>
        <line num="127" count="6" type="cond" truecount="1" falsecount="0"/>
        <line num="128" count="6" type="cond" truecount="1" falsecount="0"/>
        <line num="129" count="6" type="cond" truecount="1" falsecount="0"/>
        <line num="130" count="6" type="stmt"/>
        <line num="131" count="11" type="stmt"/>
        <line num="132" count="11" type="stmt"/>
        <line num="133" count="11" type="cond" truecount="1" falsecount="0"/>
        <line num="134" count="11" type="stmt"/>
        <line num="136" count="12" type="cond" truecount="1" falsecount="0"/>
        <line num="137" count="1" type="stmt"/>
        <line num="138" count="1" type="stmt"/>
        <line num="139" count="1" type="stmt"/>
        <line num="140" count="1" type="stmt"/>
        <line num="141" count="1" type="cond" truecount="1" falsecount="0"/>
        <line num="142" count="1" type="stmt"/>
        <line num="143" count="1" type="stmt"/>
        <line num="144" count="1" type="stmt"/>
        <line num="145" count="1" type="stmt"/>
        <line num="146" count="1" type="stmt"/>
        <line num="147" count="1" type="stmt"/>
        <line num="148" count="1" type="stmt"/>
        <line num="149" count="1" type="stmt"/>
        <line num="150" count="1" type="stmt"/>
        <line num="151" count="1" type="stmt"/>
        <line num="152" count="1" type="stmt"/>
        <line num="153" count="1" type="stmt"/>
        <line num="154" count="1" type="stmt"/>
        <line num="155" count="1" type="stmt"/>
        <line num="156" count="1" type="stmt"/>
        <line num="157" count="1" type="stmt"/>
        <line num="158" count="1" type="stmt"/>
        <line num="159" count="1" type="stmt"/>
        <line num="160" count="1" type="stmt"/>
        <line num="161" count="1" type="stmt"/>
        <line num="162" count="1" type="stmt"/>
        <line num="163" count="1" type="cond" truecount="1" falsecount="0"/>
        <line num="164" count="1" type="cond" truecount="0" falsecount="1"/>
        <line num="165" count="1" type="stmt"/>
        <line num="166" count="1" type="stmt"/>
        <line num="167" count="1" type="stmt"/>
        <line num="169" count="12" type="cond" truecount="0" falsecount="1"/>
        <line num="170" count="0" type="stmt"/>
        <line num="171" count="0" type="stmt"/>
        <line num="172" count="0" type="stmt"/>
        <line num="173" count="0" type="stmt"/>
        <line num="174" count="0" type="stmt"/>
        <line num="175" count="0" type="stmt"/>
        <line num="176" count="0" type="stmt"/>
        <line num="177" count="0" type="stmt"/>
        <line num="178" count="0" type="stmt"/>
        <line num="180" count="12" type="cond" truecount="0" falsecount="1"/>
        <line num="181" count="0" type="stmt"/>
        <line num="182" count="0" type="stmt"/>
        <line num="185" count="0" type="stmt"/>
        <line num="186" count="0" type="stmt"/>
        <line num="187" count="0" type="stmt"/>
        <line num="188" count="0" type="stmt"/>
        <line num="189" count="0" type="stmt"/>
        <line num="190" count="0" type="stmt"/>
        <line num="191" count="0" type="stmt"/>
        <line num="192" count="0" type="stmt"/>
        <line num="194" count="12" type="cond" truecount="0" falsecount="1"/>
        <line num="195" count="0" type="stmt"/>
        <line num="196" count="0" type="stmt"/>
        <line num="197" count="0" type="stmt"/>
        <line num="198" count="0" type="stmt"/>
        <line num="199" count="12" type="stmt"/>
        <line num="201" count="15" type="cond" truecount="1" falsecount="0"/>
        <line num="202" count="3" type="stmt"/>
        <line num="203" count="3" type="stmt"/>
        <line num="204" count="3" type="cond" truecount="1" falsecount="0"/>
        <line num="205" count="3" type="stmt"/>
        <line num="206" count="3" type="stmt"/>
        <line num="207" count="3" type="stmt"/>
        <line num="208" count="3" type="cond" truecount="0" falsecount="1"/>
        <line num="209" count="3" type="stmt"/>
        <line num="210" count="15" type="stmt"/>
        <line num="211" count="15" type="stmt"/>
        <line num="213" count="15" type="stmt"/>
        <line num="215" count="3" type="cond" truecount="1" falsecount="0"/>
        <line num="216" count="3" type="cond" truecount="0" falsecount="1"/>
        <line num="217" count="3" type="cond" truecount="0" falsecount="1"/>
        <line num="218" count="3" type="stmt"/>
        <line num="219" count="3" type="stmt"/>
        <line num="220" count="3" type="cond" truecount="0" falsecount="1"/>
        <line num="221" count="3" type="cond" truecount="0" falsecount="1"/>
        <line num="222" count="3" type="stmt"/>
        <line num="223" count="3" type="stmt"/>
        <line num="224" count="3" type="cond" truecount="0" falsecount="2"/>
        <line num="225" count="3" type="cond" truecount="0" falsecount="2"/>
        <line num="226" count="3" type="cond" truecount="0" falsecount="2"/>
        <line num="227" count="3" type="stmt"/>
        <line num="228" count="3" type="stmt"/>
        <line num="229" count="3" type="cond" truecount="0" falsecount="1"/>
        <line num="230" count="3" type="stmt"/>
        <line num="232" count="3" type="stmt"/>
      </file>
      <file name="DiagnosticsPage.tsx" path="/root/projects/hp7475a-web/frontend/src/pages/DiagnosticsPage.tsx">
        <metrics statements="72" coveredstatements="69" conditionals="43" coveredconditionals="31" methods="6" coveredmethods="4"/>
        <line num="1" count="1" type="stmt"/>
        <line num="13" count="11" type="cond" truecount="1" falsecount="0"/>
        <line num="14" count="11" type="stmt"/>
        <line num="15" count="11" type="stmt"/>
        <line num="16" count="11" type="stmt"/>
        <line num="18" count="11" type="cond" truecount="1" falsecount="0"/>
        <line num="19" count="3" type="cond" truecount="0" falsecount="1"/>
        <line num="20" count="3" type="stmt"/>
        <line num="21" count="3" type="cond" truecount="1" falsecount="0"/>
        <line num="22" count="11" type="stmt"/>
        <line num="24" count="11" type="cond" truecount="1" falsecount="0"/>
        <line num="25" count="1" type="cond" truecount="0" falsecount="1"/>
        <line num="26" count="0" type="stmt"/>
        <line num="27" count="1" type="stmt"/>
        <line num="29" count="11" type="cond" truecount="2" falsecount="0"/>
        <line num="30" count="11" type="cond" truecount="3" falsecount="0"/>
        <line num="31" count="11" type="stmt"/>
        <line num="33" count="11" type="stmt"/>
        <line num="34" count="11" type="stmt"/>
        <line num="35" count="11" type="stmt"/>
        <line num="36" count="11" type="stmt"/>
        <line num="37" count="11" type="cond" truecount="1" falsecount="0"/>
        <line num="38" count="11" type="stmt"/>
        <line num="39" count="11" type="cond" truecount="2" falsecount="0"/>
        <line num="40" count="11" type="cond" truecount="3" falsecount="0"/>
        <line num="41" count="2" type="stmt"/>
        <line num="42" count="2" type="cond" truecount="0" falsecount="2"/>
        <line num="43" count="2" type="cond" truecount="0" falsecount="2"/>
        <line num="44" count="2" type="cond" truecount="0" falsecount="2"/>
        <line num="45" count="2" type="stmt"/>
        <line num="46" count="2" type="stmt"/>
        <line num="47" count="2" type="stmt"/>
        <line num="48" count="2" type="stmt"/>
        <line num="49" count="2" type="stmt"/>
        <line num="50" count="2" type="stmt"/>
        <line num="52" count="11" type="stmt"/>
        <line num="53" count="11" type="cond" truecount="1" falsecount="0"/>
        <line num="54" count="2" type="cond" truecount="1" falsecount="0"/>
        <line num="55" count="9" type="stmt"/>
        <line num="57" count="11" type="stmt"/>
        <line num="58" count="11" type="cond" truecount="2" falsecount="0"/>
        <line num="59" count="11" type="cond" truecount="1" falsecount="0"/>
        <line num="60" count="1" type="stmt"/>
        <line num="61" count="1" type="stmt"/>
        <line num="62" count="1" type="stmt"/>
        <line num="64" count="11" type="cond" truecount="1" falsecount="0"/>
        <line num="65" count="11" type="stmt"/>
        <line num="67" count="11" type="stmt"/>
        <line num="68" count="11" type="stmt"/>
        <line num="69" count="11" type="stmt"/>
        <line num="70" count="11" type="stmt"/>
        <line num="71" count="11" type="cond" truecount="1" falsecount="0"/>
        <line num="72" count="11" type="stmt"/>
        <line num="73" count="11" type="cond" truecount="1" falsecount="0"/>
        <line num="74" count="11" type="stmt"/>
        <line num="75" count="11" type="cond" truecount="1" falsecount="0"/>
        <line num="76" count="2" type="stmt"/>
        <line num="77" count="2" type="cond" truecount="2" falsecount="3"/>
        <line num="78" count="1" type="stmt"/>
        <line num="79" count="2" type="stmt"/>
        <line num="80" count="11" type="stmt"/>
        <line num="81" count="11" type="stmt"/>
        <line num="82" count="11" type="stmt"/>
        <line num="83" count="11" type="stmt"/>
        <line num="85" count="11" type="stmt"/>
        <line num="88" count="11" type="cond" truecount="1" falsecount="0"/>
        <line num="89" count="11" type="cond" truecount="2" falsecount="0"/>
        <line num="90" count="11" type="cond" truecount="1" falsecount="0"/>
        <line num="91" count="4" type="cond" truecount="1" falsecount="0"/>
        <line num="92" count="4" type="cond" truecount="0" falsecount="1"/>
        <line num="93" count="0" type="stmt"/>
        <line num="94" count="0" type="stmt"/>
      </file>
      <file name="JobsPage.tsx" path="/root/projects/hp7475a-web/frontend/src/pages/JobsPage.tsx">
        <metrics statements="142" coveredstatements="131" conditionals="51" coveredconditionals="34" methods="14" coveredmethods="8"/>
        <line num="1" count="1" type="stmt"/>
        <line num="10" count="1" type="cond" truecount="1" falsecount="0"/>
        <line num="12" count="3" type="stmt"/>
        <line num="13" count="3" type="cond" truecount="0" falsecount="1"/>
        <line num="14" count="3" type="stmt"/>
        <line num="15" count="3" type="cond" truecount="1" falsecount="0"/>
        <line num="16" count="4" type="cond" truecount="1" falsecount="0"/>
        <line num="17" count="2" type="stmt"/>
        <line num="18" count="2" type="stmt"/>
        <line num="19" count="2" type="stmt"/>
        <line num="20" count="4" type="cond" truecount="0" falsecount="1"/>
        <line num="21" count="4" type="cond" truecount="0" falsecount="1"/>
        <line num="22" count="4" type="cond" truecount="0" falsecount="1"/>
        <line num="23" count="4" type="cond" truecount="1" falsecount="0"/>
        <line num="24" count="4" type="stmt"/>
        <line num="25" count="3" type="stmt"/>
        <line num="26" count="3" type="cond" truecount="2" falsecount="0"/>
        <line num="27" count="2" type="stmt"/>
        <line num="28" count="2" type="stmt"/>
        <line num="30" count="1" type="stmt"/>
        <line num="32" count="22" type="cond" truecount="1" falsecount="0"/>
        <line num="33" count="22" type="cond" truecount="0" falsecount="1"/>
        <line num="34" count="22" type="stmt"/>
        <line num="36" count="27" type="cond" truecount="1" falsecount="0"/>
        <line num="37" count="27" type="stmt"/>
        <line num="38" count="27" type="stmt"/>
        <line num="39" count="27" type="stmt"/>
        <line num="40" count="27" type="stmt"/>
        <line num="41" count="27" type="stmt"/>
        <line num="43" count="27" type="cond" truecount="1" falsecount="0"/>
        <line num="44" count="9" type="stmt"/>
        <line num="45" count="9" type="cond" truecount="1" falsecount="0"/>
        <line num="46" count="8" type="stmt"/>
        <line num="47" count="8" type="stmt"/>
        <line num="48" count="8" type="stmt"/>
        <line num="49" count="8" type="cond" truecount="1" falsecount="1"/>
        <line num="50" count="9" type="cond" truecount="1" falsecount="0"/>
        <line num="51" count="1" type="stmt"/>
        <line num="52" count="1" type="stmt"/>
        <line num="53" count="27" type="stmt"/>
        <line num="55" count="27" type="cond" truecount="1" falsecount="0"/>
        <line num="58" count="27" type="cond" truecount="1" falsecount="0"/>
        <line num="59" count="8" type="stmt"/>
        <line num="60" count="8" type="cond" truecount="3" falsecount="0"/>
        <line num="61" count="1" type="cond" truecount="1" falsecount="1"/>
        <line num="62" count="1" type="cond" truecount="1" falsecount="2"/>
        <line num="63" count="27" type="stmt"/>
        <line num="65" count="27" type="cond" truecount="1" falsecount="0"/>
        <line num="66" count="1" type="stmt"/>
        <line num="67" count="1" type="stmt"/>
        <line num="68" count="1" type="cond" truecount="0" falsecount="1"/>
        <line num="69" count="1" type="stmt"/>
        <line num="70" count="1" type="stmt"/>
        <line num="71" count="1" type="stmt"/>
        <line num="72" count="1" type="stmt"/>
        <line num="73" count="1" type="cond" truecount="0" falsecount="1"/>
        <line num="74" count="0" type="stmt"/>
        <line num="75" count="0" type="stmt"/>
        <line num="76" count="1" type="stmt"/>
        <line num="78" count="27" type="cond" truecount="1" falsecount="0"/>
        <line num="79" count="1" type="cond" truecount="0" falsecount="1"/>
        <line num="80" count="1" type="stmt"/>
        <line num="81" count="1" type="stmt"/>
        <line num="82" count="1" type="cond" truecount="0" falsecount="2"/>
        <line num="83" count="1" type="stmt"/>
        <line num="84" count="1" type="cond" truecount="0" falsecount="1"/>
        <line num="85" count="0" type="stmt"/>
        <line num="86" count="0" type="stmt"/>
        <line num="87" count="1" type="stmt"/>
        <line num="89" count="27" type="stmt"/>
        <line num="90" count="0" type="stmt"/>
        <line num="91" count="0" type="stmt"/>
        <line num="92" count="0" type="stmt"/>
        <line num="93" count="0" type="stmt"/>
        <line num="94" count="0" type="stmt"/>
        <line num="95" count="0" type="stmt"/>
        <line num="96" count="0" type="stmt"/>
        <line num="98" count="27" type="stmt"/>
        <line num="99" count="27" type="stmt"/>
        <line num="100" count="27" type="stmt"/>
        <line num="101" count="27" type="stmt"/>
        <line num="102" count="27" type="stmt"/>
        <line num="103" count="27" type="stmt"/>
        <line num="104" count="27" type="stmt"/>
        <line num="105" count="27" type="cond" truecount="1" falsecount="0"/>
        <line num="106" count="27" type="cond" truecount="2" falsecount="0"/>
        <line num="107" count="2" type="stmt"/>
        <line num="109" count="27" type="cond" truecount="2" falsecount="0"/>
        <line num="110" count="10" type="stmt"/>
        <line num="111" count="10" type="stmt"/>
        <line num="112" count="10" type="stmt"/>
        <line num="113" count="10" type="stmt"/>
        <line num="114" count="10" type="stmt"/>
        <line num="115" count="10" type="cond" truecount="1" falsecount="0"/>
        <line num="116" count="11" type="cond" truecount="2" falsecount="0"/>
        <line num="117" count="11" type="stmt"/>
        <line num="118" count="11" type="stmt"/>
        <line num="119" count="11" type="stmt"/>
        <line num="120" count="11" type="stmt"/>
        <line num="121" count="11" type="stmt"/>
        <line num="122" count="11" type="stmt"/>
        <line num="123" count="11" type="stmt"/>
        <line num="124" count="11" type="cond" truecount="1" falsecount="0"/>
        <line num="125" count="11" type="cond" truecount="1" falsecount="0"/>
        <line num="126" count="11" type="cond" truecount="1" falsecount="0"/>
        <line num="127" count="11" type="stmt"/>
        <line num="128" count="11" type="stmt"/>
        <line num="129" count="10" type="stmt"/>
        <line num="130" count="10" type="stmt"/>
        <line num="131" count="10" type="stmt"/>
        <line num="133" count="27" type="stmt"/>
        <line num="135" count="27" type="cond" truecount="1" falsecount="0"/>
        <line num="136" count="1" type="stmt"/>
        <line num="137" count="1" type="stmt"/>
        <line num="138" count="1" type="stmt"/>
        <line num="139" count="1" type="stmt"/>
        <line num="140" count="1" type="stmt"/>
        <line num="141" count="1" type="stmt"/>
        <line num="142" count="1" type="stmt"/>
        <line num="143" count="1" type="stmt"/>
        <line num="144" count="1" type="stmt"/>
        <line num="145" count="1" type="stmt"/>
        <line num="146" count="1" type="cond" truecount="1" falsecount="1"/>
        <line num="147" count="1" type="stmt"/>
        <line num="148" count="1" type="stmt"/>
        <line num="149" count="1" type="stmt"/>
        <line num="150" count="1" type="stmt"/>
        <line num="151" count="1" type="stmt"/>
        <line num="152" count="1" type="stmt"/>
        <line num="153" count="1" type="stmt"/>
        <line num="154" count="1" type="stmt"/>
        <line num="155" count="1" type="stmt"/>
        <line num="156" count="1" type="stmt"/>
        <line num="157" count="1" type="stmt"/>
        <line num="158" count="1" type="stmt"/>
        <line num="159" count="1" type="stmt"/>
        <line num="160" count="1" type="cond" truecount="0" falsecount="1"/>
        <line num="161" count="1" type="stmt"/>
        <line num="162" count="1" type="stmt"/>
        <line num="163" count="1" type="stmt"/>
        <line num="165" count="27" type="stmt"/>
        <line num="167" count="27" type="stmt"/>
      </file>
      <file name="ManualPage.tsx" path="/root/projects/hp7475a-web/frontend/src/pages/ManualPage.tsx">
        <metrics statements="104" coveredstatements="99" conditionals="24" coveredconditionals="20" methods="18" coveredmethods="9"/>
        <line num="1" count="1" type="stmt"/>
        <line num="9" count="1" type="cond" truecount="1" falsecount="0"/>
        <line num="10" count="4" type="stmt"/>
        <line num="11" count="4" type="stmt"/>
        <line num="12" count="4" type="cond" truecount="0" falsecount="1"/>
        <line num="13" count="4" type="stmt"/>
        <line num="14" count="4" type="stmt"/>
        <line num="15" count="4" type="stmt"/>
        <line num="16" count="4" type="stmt"/>
        <line num="18" count="1" type="stmt"/>
        <line num="20" count="14" type="cond" truecount="1" falsecount="0"/>
        <line num="21" count="14" type="stmt"/>
        <line num="22" count="14" type="cond" truecount="2" falsecount="0"/>
        <line num="23" count="14" type="stmt"/>
        <line num="24" count="14" type="cond" truecount="1" falsecount="0"/>
        <line num="25" count="14" type="stmt"/>
        <line num="26" count="14" type="stmt"/>
        <line num="27" count="14" type="stmt"/>
        <line num="28" count="14" type="stmt"/>
        <line num="29" count="14" type="stmt"/>
        <line num="32" count="14" type="cond" truecount="1" falsecount="0"/>
        <line num="33" count="2" type="stmt"/>
        <line num="34" count="2" type="cond" truecount="2" falsecount="0"/>
        <line num="35" count="1" type="stmt"/>
        <line num="36" count="1" type="stmt"/>
        <line num="37" count="2" type="stmt"/>
        <line num="38" count="2" type="stmt"/>
        <line num="39" count="2" type="stmt"/>
        <line num="40" count="2" type="stmt"/>
        <line num="41" count="2" type="cond" truecount="0" falsecount="1"/>
        <line num="42" count="0" type="stmt"/>
        <line num="43" count="0" type="stmt"/>
        <line num="44" count="2" type="stmt"/>
        <line num="46" count="14" type="cond" truecount="1" falsecount="0"/>
        <line num="48" count="14" type="stmt"/>
        <line num="49" count="0" type="stmt"/>
        <line num="50" count="0" type="stmt"/>
        <line num="51" count="0" type="stmt"/>
        <line num="53" count="14" type="stmt"/>
        <line num="54" count="14" type="stmt"/>
        <line num="55" count="14" type="stmt"/>
        <line num="56" count="14" type="stmt"/>
        <line num="57" count="14" type="cond" truecount="1" falsecount="0"/>
        <line num="58" count="7" type="stmt"/>
        <line num="60" count="7" type="stmt"/>
        <line num="62" count="14" type="stmt"/>
        <line num="63" count="14" type="stmt"/>
        <line num="64" count="14" type="stmt"/>
        <line num="65" count="14" type="stmt"/>
        <line num="66" count="14" type="stmt"/>
        <line num="67" count="14" type="stmt"/>
        <line num="68" count="14" type="cond" truecount="1" falsecount="0"/>
        <line num="69" count="14" type="stmt"/>
        <line num="70" count="14" type="stmt"/>
        <line num="71" count="14" type="cond" truecount="1" falsecount="0"/>
        <line num="72" count="14" type="stmt"/>
        <line num="73" count="14" type="stmt"/>
        <line num="74" count="14" type="stmt"/>
        <line num="75" count="14" type="stmt"/>
        <line num="76" count="14" type="stmt"/>
        <line num="77" count="14" type="stmt"/>
        <line num="78" count="14" type="stmt"/>
        <line num="79" count="14" type="cond" truecount="1" falsecount="0"/>
        <line num="80" count="14" type="stmt"/>
        <line num="81" count="14" type="stmt"/>
        <line num="82" count="14" type="stmt"/>
        <line num="83" count="14" type="stmt"/>
        <line num="84" count="14" type="stmt"/>
        <line num="85" count="14" type="cond" truecount="1" falsecount="0"/>
        <line num="86" count="42" type="stmt"/>
        <line num="87" count="42" type="cond" truecount="1" falsecount="0"/>
        <line num="88" count="42" type="stmt"/>
        <line num="89" count="14" type="stmt"/>
        <line num="90" count="14" type="stmt"/>
        <line num="91" count="14" type="cond" truecount="1" falsecount="0"/>
        <line num="92" count="14" type="stmt"/>
        <line num="93" count="14" type="stmt"/>
        <line num="95" count="14" type="stmt"/>
        <line num="96" count="14" type="stmt"/>
        <line num="97" count="14" type="stmt"/>
        <line num="98" count="14" type="stmt"/>
        <line num="99" count="14" type="cond" truecount="1" falsecount="0"/>
        <line num="100" count="14" type="stmt"/>
        <line num="101" count="14" type="cond" truecount="1" falsecount="0"/>
        <line num="102" count="14" type="stmt"/>
        <line num="103" count="14" type="cond" truecount="1" falsecount="2"/>
        <line num="104" count="14" type="stmt"/>
        <line num="106" count="14" type="stmt"/>
        <line num="107" count="14" type="stmt"/>
        <line num="108" count="14" type="cond" truecount="1" falsecount="0"/>
        <line num="109" count="84" type="stmt"/>
        <line num="110" count="84" type="stmt"/>
        <line num="111" count="14" type="stmt"/>
        <line num="112" count="14" type="stmt"/>
        <line num="113" count="14" type="stmt"/>
        <line num="114" count="14" type="stmt"/>
        <line num="115" count="14" type="stmt"/>
        <line num="116" count="14" type="stmt"/>
        <line num="117" count="14" type="stmt"/>
        <line num="118" count="14" type="stmt"/>
        <line num="119" count="14" type="stmt"/>
        <line num="120" count="14" type="stmt"/>
        <line num="121" count="14" type="stmt"/>
        <line num="123" count="14" type="stmt"/>
      </file>
      <file name="PlotPage.tsx" path="/root/projects/hp7475a-web/frontend/src/pages/PlotPage.tsx">
        <metrics statements="319" coveredstatements="284" conditionals="115" coveredconditionals="82" methods="25" coveredmethods="11"/>
        <line num="1" count="1" type="stmt"/>
        <line num="13" count="1" type="stmt"/>
        <line num="15" count="1" type="stmt"/>
        <line num="18" count="1" type="stmt"/>
        <line num="19" count="1" type="stmt"/>
        <line num="20" count="1" type="stmt"/>
        <line num="21" count="1" type="stmt"/>
        <line num="22" count="1" type="stmt"/>
        <line num="23" count="1" type="stmt"/>
        <line num="26" count="16" type="cond" truecount="1" falsecount="0"/>
        <line num="27" count="16" type="stmt"/>
        <line num="28" count="16" type="cond" truecount="2" falsecount="0"/>
        <line num="29" count="1" type="stmt"/>
        <line num="30" count="1" type="stmt"/>
        <line num="31" count="1" type="stmt"/>
        <line num="32" count="1" type="stmt"/>
        <line num="33" count="1" type="cond" truecount="1" falsecount="0"/>
        <line num="34" count="3" type="stmt"/>
        <line num="35" count="3" type="cond" truecount="1" falsecount="0"/>
        <line num="36" count="2" type="cond" truecount="3" falsecount="0"/>
        <line num="37" count="1" type="cond" truecount="0" falsecount="2"/>
        <line num="38" count="3" type="stmt"/>
        <line num="39" count="1" type="stmt"/>
        <line num="40" count="1" type="stmt"/>
        <line num="41" count="1" type="stmt"/>
        <line num="43" count="1" type="stmt"/>
        <line num="45" count="33" type="cond" truecount="1" falsecount="0"/>
        <line num="46" count="33" type="stmt"/>
        <line num="48" count="33" type="stmt"/>
        <line num="49" count="33" type="stmt"/>
        <line num="50" count="33" type="stmt"/>
        <line num="51" count="33" type="stmt"/>
        <line num="52" count="33" type="stmt"/>
        <line num="53" count="33" type="stmt"/>
        <line num="54" count="33" type="stmt"/>
        <line num="55" count="33" type="stmt"/>
        <line num="56" count="33" type="stmt"/>
        <line num="57" count="33" type="stmt"/>
        <line num="58" count="33" type="stmt"/>
        <line num="59" count="33" type="stmt"/>
        <line num="60" count="33" type="stmt"/>
        <line num="61" count="33" type="stmt"/>
        <line num="62" count="33" type="stmt"/>
        <line num="63" count="33" type="stmt"/>
        <line num="64" count="33" type="stmt"/>
        <line num="65" count="33" type="stmt"/>
        <line num="67" count="33" type="cond" truecount="1" falsecount="0"/>
        <line num="68" count="7" type="cond" truecount="1" falsecount="0"/>
        <line num="69" count="7" type="cond" truecount="2" falsecount="0"/>
        <line num="70" count="7" type="cond" truecount="1" falsecount="1"/>
        <line num="71" count="33" type="stmt"/>
        <line num="74" count="33" type="cond" truecount="1" falsecount="0"/>
        <line num="75" count="4" type="stmt"/>
        <line num="76" count="4" type="stmt"/>
        <line num="77" count="4" type="cond" truecount="1" falsecount="0"/>
        <line num="78" count="3" type="stmt"/>
        <line num="79" count="3" type="stmt"/>
        <line num="80" count="3" type="stmt"/>
        <line num="81" count="3" type="stmt"/>
        <line num="82" count="3" type="stmt"/>
        <line num="83" count="3" type="stmt"/>
        <line num="84" count="4" type="cond" truecount="1" falsecount="1"/>
        <line num="85" count="4" type="stmt"/>
        <line num="86" count="4" type="cond" truecount="1" falsecount="0"/>
        <line num="87" count="4" type="stmt"/>
        <line num="88" count="4" type="cond" truecount="0" falsecount="1"/>
        <line num="89" count="0" type="stmt"/>
        <line num="90" count="0" type="stmt"/>
        <line num="91" count="4" type="cond" truecount="1" falsecount="0"/>
        <line num="92" count="1" type="stmt"/>
        <line num="93" count="4" type="stmt"/>
        <line num="94" count="4" type="stmt"/>
        <line num="95" count="4" type="stmt"/>
        <line num="96" count="33" type="stmt"/>
        <line num="98" count="33" type="stmt"/>
        <line num="99" count="0" type="stmt"/>
        <line num="100" count="0" type="stmt"/>
        <line num="101" count="0" type="stmt"/>
        <line num="102" count="0" type="stmt"/>
        <line num="105" count="33" type="cond" truecount="1" falsecount="0"/>
        <line num="106" count="2" type="cond" truecount="0" falsecount="1"/>
        <line num="107" count="2" type="stmt"/>
        <line num="108" count="2" type="stmt"/>
        <line num="109" count="2" type="stmt"/>
        <line num="110" count="2" type="cond" truecount="0" falsecount="2"/>
        <line num="111" count="2" type="cond" truecount="0" falsecount="1"/>
        <line num="112" count="2" type="stmt"/>
        <line num="113" count="2" type="stmt"/>
        <line num="114" count="2" type="stmt"/>
        <line num="115" count="2" type="stmt"/>
        <line num="116" count="2" type="stmt"/>
        <line num="117" count="2" type="cond" truecount="0" falsecount="1"/>
        <line num="118" count="0" type="stmt"/>
        <line num="119" count="0" type="stmt"/>
        <line num="120" count="2" type="stmt"/>
        <line num="121" count="2" type="stmt"/>
        <line num="122" count="2" type="stmt"/>
        <line num="123" count="2" type="stmt"/>
        <line num="126" count="33" type="cond" truecount="1" falsecount="0"/>
        <line num="127" count="8" type="cond" truecount="2" falsecount="0"/>
        <line num="128" count="4" type="stmt"/>
        <line num="129" count="4" type="stmt"/>
        <line num="130" count="0" type="stmt"/>
        <line num="131" count="0" type="stmt"/>
        <line num="132" count="0" type="stmt"/>
        <line num="133" count="0" type="stmt"/>
        <line num="134" count="4" type="stmt"/>
        <line num="135" count="4" type="cond" truecount="1" falsecount="0"/>
        <line num="136" count="33" type="stmt"/>
        <line num="139" count="33" type="cond" truecount="1" falsecount="0"/>
        <line num="140" count="10" type="stmt"/>
        <line num="141" count="10" type="cond" truecount="5" falsecount="0"/>
        <line num="144" count="4" type="cond" truecount="1" falsecount="0"/>
        <line num="145" count="4" type="cond" truecount="0" falsecount="1"/>
        <line num="146" count="4" type="stmt"/>
        <line num="147" count="4" type="stmt"/>
        <line num="148" count="4" type="stmt"/>
        <line num="149" count="4" type="cond" truecount="0" falsecount="1"/>
        <line num="150" count="4" type="cond" truecount="0" falsecount="1"/>
        <line num="151" count="4" type="stmt"/>
        <line num="152" count="4" type="stmt"/>
        <line num="153" count="4" type="cond" truecount="2" falsecount="0"/>
        <line num="154" count="4" type="cond" truecount="2" falsecount="0"/>
        <line num="155" count="4" type="cond" truecount="1" falsecount="0"/>
        <line num="156" count="4" type="stmt"/>
        <line num="157" count="33" type="stmt"/>
        <line num="160" count="33" type="cond" truecount="1" falsecount="0"/>
        <line num="161" count="10" type="cond" truecount="5" falsecount="0"/>
        <line num="162" count="2" type="stmt"/>
        <line num="163" count="2" type="cond" truecount="1" falsecount="0"/>
        <line num="164" count="2" type="stmt"/>
        <line num="165" count="2" type="stmt"/>
        <line num="166" count="2" type="stmt"/>
        <line num="167" count="2" type="cond" truecount="0" falsecount="1"/>
        <line num="168" count="0" type="stmt"/>
        <line num="169" count="0" type="stmt"/>
        <line num="170" count="0" type="stmt"/>
        <line num="171" count="0" type="stmt"/>
        <line num="172" count="2" type="stmt"/>
        <line num="173" count="2" type="cond" truecount="1" falsecount="0"/>
        <line num="174" count="33" type="stmt"/>
        <line num="177" count="33" type="cond" truecount="1" falsecount="0"/>
        <line num="178" count="1" type="cond" truecount="0" falsecount="1"/>
        <line num="179" count="1" type="cond" truecount="0" falsecount="1"/>
        <line num="180" count="1" type="stmt"/>
        <line num="182" count="33" type="cond" truecount="1" falsecount="0"/>
        <line num="183" count="1" type="stmt"/>
        <line num="184" count="1" type="stmt"/>
        <line num="185" count="1" type="stmt"/>
        <line num="187" count="33" type="cond" truecount="2" falsecount="0"/>
        <line num="188" count="33" type="cond" truecount="1" falsecount="0"/>
        <line num="189" count="33" type="cond" truecount="1" falsecount="0"/>
        <line num="190" count="33" type="stmt"/>
        <line num="192" count="33" type="stmt"/>
        <line num="193" count="33" type="stmt"/>
        <line num="194" count="33" type="stmt"/>
        <line num="195" count="33" type="stmt"/>
        <line num="196" count="33" type="cond" truecount="0" falsecount="1"/>
        <line num="197" count="0" type="stmt"/>
        <line num="198" count="0" type="stmt"/>
        <line num="199" count="33" type="stmt"/>
        <line num="200" count="33" type="cond" truecount="0" falsecount="1"/>
        <line num="201" count="33" type="stmt"/>
        <line num="202" count="33" type="stmt"/>
        <line num="203" count="33" type="stmt"/>
        <line num="204" count="33" type="stmt"/>
        <line num="206" count="33" type="cond" truecount="2" falsecount="0"/>
        <line num="207" count="33" type="stmt"/>
        <line num="208" count="33" type="stmt"/>
        <line num="209" count="33" type="cond" truecount="1" falsecount="0"/>
        <line num="210" count="33" type="stmt"/>
        <line num="211" count="33" type="cond" truecount="1" falsecount="0"/>
        <line num="212" count="18" type="stmt"/>
        <line num="213" count="18" type="stmt"/>
        <line num="214" count="18" type="stmt"/>
        <line num="215" count="18" type="cond" truecount="0" falsecount="1"/>
        <line num="216" count="18" type="cond" truecount="1" falsecount="0"/>
        <line num="217" count="16" type="stmt"/>
        <line num="218" count="16" type="stmt"/>
        <line num="219" count="16" type="stmt"/>
        <line num="220" count="16" type="cond" truecount="1" falsecount="1"/>
        <line num="221" count="16" type="cond" truecount="1" falsecount="0"/>
        <line num="222" count="16" type="stmt"/>
        <line num="223" count="16" type="stmt"/>
        <line num="224" count="16" type="cond" truecount="1" falsecount="0"/>
        <line num="225" count="1" type="stmt"/>
        <line num="226" count="1" type="stmt"/>
        <line num="228" count="1" type="stmt"/>
        <line num="230" count="16" type="cond" truecount="1" falsecount="0"/>
        <line num="231" count="1" type="stmt"/>
        <line num="232" count="1" type="stmt"/>
        <line num="233" count="1" type="stmt"/>
        <line num="234" count="1" type="cond" truecount="1" falsecount="0"/>
        <line num="235" count="2" type="cond" truecount="0" falsecount="1"/>
        <line num="236" count="2" type="stmt"/>
        <line num="237" count="2" type="cond" truecount="2" falsecount="0"/>
        <line num="238" count="2" type="stmt"/>
        <line num="239" count="2" type="cond" truecount="0" falsecount="2"/>
        <line num="240" count="2" type="stmt"/>
        <line num="242" count="1" type="stmt"/>
        <line num="243" count="1" type="stmt"/>
        <line num="244" count="1" type="stmt"/>
        <line num="246" count="16" type="stmt"/>
        <line num="248" count="18" type="stmt"/>
        <line num="250" count="33" type="stmt"/>
        <line num="252" count="33" type="stmt"/>
        <line num="253" count="33" type="stmt"/>
        <line num="254" count="33" type="cond" truecount="1" falsecount="0"/>
        <line num="255" count="33" type="cond" truecount="1" falsecount="0"/>
        <line num="256" count="18" type="stmt"/>
        <line num="257" count="18" type="stmt"/>
        <line num="259" count="18" type="stmt"/>
        <line num="260" count="18" type="stmt"/>
        <line num="261" count="18" type="cond" truecount="1" falsecount="0"/>
        <line num="262" count="72" type="stmt"/>
        <line num="263" count="72" type="stmt"/>
        <line num="264" count="72" type="stmt"/>
        <line num="265" count="72" type="stmt"/>
        <line num="266" count="72" type="stmt"/>
        <line num="267" count="18" type="stmt"/>
        <line num="268" count="18" type="stmt"/>
        <line num="270" count="18" type="stmt"/>
        <line num="271" count="18" type="stmt"/>
        <line num="272" count="18" type="stmt"/>
        <line num="273" count="18" type="cond" truecount="1" falsecount="0"/>
        <line num="274" count="72" type="cond" truecount="1" falsecount="0"/>
        <line num="275" count="18" type="stmt"/>
        <line num="276" count="18" type="stmt"/>
        <line num="277" count="18" type="stmt"/>
        <line num="278" count="18" type="cond" truecount="0" falsecount="1"/>
        <line num="279" count="0" type="stmt"/>
        <line num="280" count="0" type="stmt"/>
        <line num="282" count="0" type="stmt"/>
        <line num="283" count="0" type="stmt"/>
        <line num="284" count="0" type="stmt"/>
        <line num="285" count="0" type="stmt"/>
        <line num="286" count="0" type="stmt"/>
        <line num="287" count="0" type="stmt"/>
        <line num="288" count="0" type="stmt"/>
        <line num="289" count="0" type="stmt"/>
        <line num="290" count="0" type="stmt"/>
        <line num="293" count="18" type="stmt"/>
        <line num="294" count="18" type="stmt"/>
        <line num="295" count="18" type="cond" truecount="1" falsecount="0"/>
        <line num="296" count="72" type="cond" truecount="2" falsecount="0"/>
        <line num="297" count="72" type="stmt"/>
        <line num="298" count="72" type="stmt"/>
        <line num="299" count="72" type="stmt"/>
        <line num="300" count="72" type="stmt"/>
        <line num="301" count="72" type="stmt"/>
        <line num="302" count="18" type="stmt"/>
        <line num="303" count="18" type="stmt"/>
        <line num="304" count="18" type="stmt"/>
        <line num="305" count="18" type="stmt"/>
        <line num="306" count="18" type="stmt"/>
        <line num="307" count="18" type="stmt"/>
        <line num="310" count="18" type="stmt"/>
        <line num="311" count="18" type="stmt"/>
        <line num="312" count="18" type="cond" truecount="1" falsecount="0"/>
        <line num="313" count="18" type="cond" truecount="0" falsecount="1"/>
        <line num="314" count="18" type="stmt"/>
        <line num="315" count="18" type="cond" truecount="3" falsecount="0"/>
        <line num="316" count="18" type="cond" truecount="1" falsecount="0"/>
        <line num="318" count="18" type="stmt"/>
        <line num="319" count="18" type="stmt"/>
        <line num="320" count="18" type="stmt"/>
        <line num="321" count="33" type="stmt"/>
        <line num="323" count="33" type="stmt"/>
        <line num="324" count="33" type="stmt"/>
        <line num="325" count="33" type="stmt"/>
        <line num="326" count="33" type="cond" truecount="1" falsecount="0"/>
        <line num="327" count="33" type="cond" truecount="1" falsecount="0"/>
        <line num="328" count="13" type="stmt"/>
        <line num="329" count="13" type="stmt"/>
        <line num="330" count="13" type="stmt"/>
        <line num="331" count="13" type="stmt"/>
        <line num="332" count="13" type="cond" truecount="0" falsecount="1"/>
        <line num="333" count="13" type="stmt"/>
        <line num="334" count="13" type="stmt"/>
        <line num="335" count="13" type="stmt"/>
        <line num="336" count="13" type="stmt"/>
        <line num="337" count="13" type="stmt"/>
        <line num="338" count="13" type="stmt"/>
        <line num="339" count="13" type="stmt"/>
        <line num="340" count="13" type="stmt"/>
        <line num="341" count="13" type="stmt"/>
        <line num="343" count="33" type="stmt"/>
        <line num="345" count="33" type="cond" truecount="2" falsecount="0"/>
        <line num="346" count="2" type="stmt"/>
        <line num="347" count="2" type="stmt"/>
        <line num="348" count="2" type="stmt"/>
        <line num="349" count="2" type="stmt"/>
        <line num="350" count="2" type="cond" truecount="1" falsecount="0"/>
        <line num="351" count="2" type="stmt"/>
        <line num="352" count="2" type="stmt"/>
        <line num="353" count="2" type="stmt"/>
        <line num="354" count="2" type="stmt"/>
        <line num="355" count="2" type="cond" truecount="0" falsecount="1"/>
        <line num="356" count="2" type="cond" truecount="0" falsecount="1"/>
        <line num="357" count="2" type="cond" truecount="0" falsecount="2"/>
        <line num="358" count="2" type="stmt"/>
        <line num="359" count="2" type="stmt"/>
        <line num="360" count="2" type="cond" truecount="0" falsecount="1"/>
        <line num="361" count="0" type="stmt"/>
        <line num="363" count="2" type="cond" truecount="0" falsecount="1"/>
        <line num="364" count="2" type="stmt"/>
        <line num="365" count="2" type="stmt"/>
        <line num="366" count="2" type="cond" truecount="1" falsecount="0"/>
        <line num="368" count="2" type="stmt"/>
        <line num="369" count="2" type="stmt"/>
        <line num="371" count="33" type="stmt"/>
        <line num="373" count="33" type="stmt"/>
        <line num="375" count="16" type="cond" truecount="1" falsecount="0"/>
        <line num="376" count="16" type="cond" truecount="0" falsecount="1"/>
        <line num="377" count="0" type="stmt"/>
        <line num="378" count="0" type="stmt"/>
        <line num="379" count="0" type="stmt"/>
        <line num="380" count="0" type="stmt"/>
        <line num="381" count="0" type="stmt"/>
      </file>
      <file name="SettingsPage.tsx" path="/root/projects/hp7475a-web/frontend/src/pages/SettingsPage.tsx">
        <metrics statements="82" coveredstatements="76" conditionals="31" coveredconditionals="23" methods="7" coveredmethods="5"/>
        <line num="1" count="1" type="stmt"/>
        <line num="8" count="13" type="cond" truecount="1" falsecount="0"/>
        <line num="9" count="13" type="stmt"/>
        <line num="10" count="13" type="stmt"/>
        <line num="11" count="13" type="stmt"/>
        <line num="12" count="13" type="stmt"/>
        <line num="13" count="13" type="stmt"/>
        <line num="14" count="13" type="stmt"/>
        <line num="16" count="13" type="cond" truecount="1" falsecount="0"/>
        <line num="17" count="4" type="stmt"/>
        <line num="18" count="4" type="stmt"/>
        <line num="19" count="4" type="stmt"/>
        <line num="20" count="4" type="cond" truecount="0" falsecount="1"/>
        <line num="21" count="4" type="stmt"/>
        <line num="22" count="4" type="cond" truecount="0" falsecount="1"/>
        <line num="23" count="0" type="stmt"/>
        <line num="24" count="0" type="stmt"/>
        <line num="25" count="13" type="stmt"/>
        <line num="26" count="13" type="cond" truecount="1" falsecount="0"/>
        <line num="28" count="13" type="cond" truecount="1" falsecount="0"/>
        <line num="29" count="1" type="stmt"/>
        <line num="30" count="1" type="stmt"/>
        <line num="31" count="1" type="stmt"/>
        <line num="32" count="1" type="cond" truecount="0" falsecount="1"/>
        <line num="33" count="1" type="cond" truecount="0" falsecount="1"/>
        <line num="34" count="0" type="stmt"/>
        <line num="35" count="0" type="stmt"/>
        <line num="36" count="0" type="stmt"/>
        <line num="37" count="1" type="stmt"/>
        <line num="38" count="1" type="stmt"/>
        <line num="39" count="1" type="stmt"/>
        <line num="40" count="1" type="stmt"/>
        <line num="41" count="1" type="stmt"/>
        <line num="42" count="1" type="stmt"/>
        <line num="43" count="1" type="cond" truecount="0" falsecount="1"/>
        <line num="44" count="0" type="stmt"/>
        <line num="45" count="1" type="stmt"/>
        <line num="46" count="1" type="stmt"/>
        <line num="47" count="1" type="stmt"/>
        <line num="48" count="1" type="stmt"/>
        <line num="50" count="13" type="stmt"/>
        <line num="51" count="13" type="stmt"/>
        <line num="52" count="13" type="stmt"/>
        <line num="53" count="13" type="stmt"/>
        <line num="54" count="13" type="cond" truecount="0" falsecount="1"/>
        <line num="55" count="13" type="cond" truecount="2" falsecount="0"/>
        <line num="56" count="13" type="cond" truecount="1" falsecount="0"/>
        <line num="57" count="7" type="stmt"/>
        <line num="58" count="7" type="stmt"/>
        <line num="59" count="7" type="cond" truecount="1" falsecount="0"/>
        <line num="60" count="7" type="cond" truecount="1" falsecount="0"/>
        <line num="61" count="7" type="cond" truecount="2" falsecount="0"/>
        <line num="62" count="5" type="stmt"/>
        <line num="63" count="1" type="stmt"/>
        <line num="64" count="7" type="cond" truecount="1" falsecount="0"/>
        <line num="65" count="7" type="stmt"/>
        <line num="66" count="7" type="stmt"/>
        <line num="67" count="7" type="stmt"/>
        <line num="68" count="7" type="stmt"/>
        <line num="69" count="7" type="cond" truecount="1" falsecount="0"/>
        <line num="70" count="2" type="stmt"/>
        <line num="71" count="2" type="stmt"/>
        <line num="72" count="2" type="stmt"/>
        <line num="73" count="2" type="cond" truecount="3" falsecount="1"/>
        <line num="74" count="2" type="cond" truecount="1" falsecount="0"/>
        <line num="75" count="1" type="cond" truecount="0" falsecount="1"/>
        <line num="76" count="1" type="stmt"/>
        <line num="77" count="7" type="stmt"/>
        <line num="78" count="7" type="cond" truecount="1" falsecount="0"/>
        <line num="79" count="7" type="stmt"/>
        <line num="80" count="7" type="cond" truecount="2" falsecount="0"/>
        <line num="81" count="7" type="cond" truecount="2" falsecount="0"/>
        <line num="82" count="7" type="stmt"/>
        <line num="83" count="7" type="stmt"/>
        <line num="84" count="7" type="stmt"/>
        <line num="85" count="7" type="stmt"/>
        <line num="86" count="13" type="stmt"/>
        <line num="87" count="13" type="stmt"/>
        <line num="89" count="13" type="stmt"/>
        <line num="91" count="5" type="cond" truecount="1" falsecount="0"/>
        <line num="92" count="5" type="stmt"/>
        <line num="93" count="5" type="stmt"/>
      </file>
    </package>
    <package name="src.state">
      <metrics statements="57" coveredstatements="54" conditionals="17" coveredconditionals="13" methods="3" coveredmethods="2"/>
      <file name="app.tsx" path="/root/projects/hp7475a-web/frontend/src/state/app.tsx">
        <metrics statements="57" coveredstatements="54" conditionals="17" coveredconditionals="13" methods="3" coveredmethods="2"/>
        <line num="1" count="1" type="stmt"/>
        <line num="31" count="1" type="stmt"/>
        <line num="33" count="1" type="cond" truecount="1" falsecount="0"/>
        <line num="34" count="80" type="stmt"/>
        <line num="35" count="80" type="stmt"/>
        <line num="36" count="80" type="stmt"/>
        <line num="39" count="80" type="stmt"/>
        <line num="40" count="80" type="stmt"/>
        <line num="41" count="80" type="stmt"/>
        <line num="42" count="80" type="cond" truecount="1" falsecount="1"/>
        <line num="44" count="80" type="stmt"/>
        <line num="45" count="80" type="stmt"/>
        <line num="46" count="80" type="cond" truecount="1" falsecount="0"/>
        <line num="47" count="4" type="stmt"/>
        <line num="48" count="4" type="cond" truecount="1" falsecount="0"/>
        <line num="49" count="4" type="stmt"/>
        <line num="50" count="80" type="stmt"/>
        <line num="51" count="80" type="stmt"/>
        <line num="52" count="0" type="stmt"/>
        <line num="53" count="80" type="stmt"/>
        <line num="55" count="80" type="stmt"/>
        <line num="56" count="80" type="stmt"/>
        <line num="57" count="80" type="cond" truecount="1" falsecount="0"/>
        <line num="58" count="30" type="stmt"/>
        <line num="59" count="30" type="cond" truecount="1" falsecount="0"/>
        <line num="60" count="28" type="stmt"/>
        <line num="61" count="28" type="cond" truecount="1" falsecount="0"/>
        <line num="62" count="2" type="cond" truecount="0" falsecount="1"/>
        <line num="63" count="2" type="stmt"/>
        <line num="64" count="80" type="stmt"/>
        <line num="65" count="80" type="cond" truecount="1" falsecount="0"/>
        <line num="66" count="27" type="stmt"/>
        <line num="67" count="27" type="stmt"/>
        <line num="68" count="27" type="cond" truecount="1" falsecount="0"/>
        <line num="69" count="80" type="stmt"/>
        <line num="71" count="80" type="stmt"/>
        <line num="72" count="80" type="stmt"/>
        <line num="73" count="80" type="cond" truecount="1" falsecount="0"/>
        <line num="74" count="23" type="stmt"/>
        <line num="75" count="23" type="stmt"/>
        <line num="76" count="23" type="stmt"/>
        <line num="77" count="23" type="cond" truecount="0" falsecount="1"/>
        <line num="78" count="0" type="stmt"/>
        <line num="79" count="0" type="stmt"/>
        <line num="80" count="80" type="stmt"/>
        <line num="81" count="80" type="cond" truecount="1" falsecount="0"/>
        <line num="83" count="80" type="cond" truecount="1" falsecount="0"/>
        <line num="84" count="79" type="stmt"/>
        <line num="85" count="79" type="stmt"/>
        <line num="86" count="80" type="stmt"/>
        <line num="88" count="80" type="stmt"/>
        <line num="89" count="80" type="stmt"/>
        <line num="91" count="1" type="cond" truecount="1" falsecount="0"/>
        <line num="92" count="181" type="stmt"/>
        <line num="93" count="181" type="cond" truecount="0" falsecount="1"/>
        <line num="94" count="181" type="stmt"/>
        <line num="95" count="181" type="stmt"/>
      </file>
    </package>
  </project>
</coverage>
