{"/root/projects/hp7475a-web/frontend/src/App.tsx": {"path":"/root/projects/hp7475a-web/frontend/src/App.tsx","all":true,"statementMap":{"0":{"start":{"line":1,"column":0},"end":{"line":1,"column":33}},"10":{"start":{"line":11,"column":0},"end":{"line":11,"column":86}},"14":{"start":{"line":15,"column":0},"end":{"line":15,"column":18}},"15":{"start":{"line":16,"column":0},"end":{"line":16,"column":46}},"16":{"start":{"line":17,"column":0},"end":{"line":17,"column":34}},"17":{"start":{"line":18,"column":0},"end":{"line":18,"column":10}},"18":{"start":{"line":19,"column":0},"end":{"line":19,"column":25}},"19":{"start":{"line":20,"column":0},"end":{"line":20,"column":37}},"20":{"start":{"line":21,"column":0},"end":{"line":21,"column":25}},"21":{"start":{"line":22,"column":0},"end":{"line":22,"column":115}},"22":{"start":{"line":23,"column":0},"end":{"line":23,"column":35}},"23":{"start":{"line":24,"column":0},"end":{"line":24,"column":112}},"24":{"start":{"line":25,"column":0},"end":{"line":25,"column":15}},"25":{"start":{"line":26,"column":0},"end":{"line":26,"column":72}},"26":{"start":{"line":27,"column":0},"end":{"line":27,"column":69}},"27":{"start":{"line":28,"column":0},"end":{"line":28,"column":15}},"28":{"start":{"line":29,"column":0},"end":{"line":29,"column":49}},"29":{"start":{"line":30,"column":0},"end":{"line":30,"column":28}},"30":{"start":{"line":31,"column":0},"end":{"line":31,"column":72}},"31":{"start":{"line":32,"column":0},"end":{"line":32,"column":59}},"32":{"start":{"line":33,"column":0},"end":{"line":33,"column":52}},"33":{"start":{"line":34,"column":0},"end":{"line":34,"column":13}},"34":{"start":{"line":35,"column":0},"end":{"line":35,"column":14}},"35":{"start":{"line":36,"column":0},"end":{"line":36,"column":15}},"36":{"start":{"line":37,"column":0},"end":{"line":37,"column":12}},"37":{"start":{"line":38,"column":0},"end":{"line":38,"column":40}},"38":{"start":{"line":39,"column":0},"end":{"line":39,"column":44}},"39":{"start":{"line":40,"column":0},"end":{"line":40,"column":40}},"40":{"start":{"line":41,"column":0},"end":{"line":41,"column":44}},"41":{"start":{"line":42,"column":0},"end":{"line":42,"column":54}},"42":{"start":{"line":43,"column":0},"end":{"line":43,"column":48}},"43":{"start":{"line":44,"column":0},"end":{"line":44,"column":13}},"44":{"start":{"line":45,"column":0},"end":{"line":45,"column":16}},"45":{"start":{"line":46,"column":0},"end":{"line":46,"column":10}},"47":{"start":{"line":48,"column":0},"end":{"line":48,"column":1}},"49":{"start":{"line":50,"column":0},"end":{"line":50,"column":31}},"50":{"start":{"line":51,"column":0},"end":{"line":51,"column":10}},"51":{"start":{"line":52,"column":0},"end":{"line":52,"column":17}},"52":{"start":{"line":53,"column":0},"end":{"line":53,"column":15}},"53":{"start":{"line":54,"column":0},"end":{"line":54,"column":18}},"55":{"start":{"line":56,"column":0},"end":{"line":56,"column":1}}},"s":{"0":0,"10":0,"14":0,"15":0,"16":0,"17":0,"18":0,"19":0,"20":0,"21":0,"22":0,"23":0,"24":0,"25":0,"26":0,"27":0,"28":0,"29":0,"30":0,"31":0,"32":0,"33":0,"34":0,"35":0,"36":0,"37":0,"38":0,"39":0,"40":0,"41":0,"42":0,"43":0,"44":0,"45":0,"47":0,"49":0,"50":0,"51":0,"52":0,"53":0,"55":0},"branchMap":{"0":{"type":"branch","line":1,"loc":{"start":{"line":1,"column":0},"end":{"line":56,"column":-1075}},"locations":[{"start":{"line":1,"column":0},"end":{"line":56,"column":-1075}}]}},"b":{"0":[0]},"fnMap":{"0":{"name":"(empty-report)","decl":{"start":{"line":1,"column":0},"end":{"line":56,"column":-1075}},"loc":{"start":{"line":1,"column":0},"end":{"line":56,"column":-1075}},"line":1}},"f":{"0":0}}
,"/root/projects/hp7475a-web/frontend/src/api/client.ts": {"path":"/root/projects/hp7475a-web/frontend/src/api/client.ts","all":false,"statementMap":{"10":{"start":{"line":11,"column":0},"end":{"line":11,"column":61}},"12":{"start":{"line":13,"column":0},"end":{"line":13,"column":37}},"13":{"start":{"line":14,"column":0},"end":{"line":14,"column":17}},"14":{"start":{"line":15,"column":0},"end":{"line":15,"column":18}},"15":{"start":{"line":16,"column":0},"end":{"line":16,"column":48}},"16":{"start":{"line":17,"column":0},"end":{"line":17,"column":76}},"17":{"start":{"line":18,"column":0},"end":{"line":18,"column":25}},"18":{"start":{"line":19,"column":0},"end":{"line":19,"column":25}},"19":{"start":{"line":20,"column":0},"end":{"line":20,"column":3}},"20":{"start":{"line":21,"column":0},"end":{"line":21,"column":1}},"22":{"start":{"line":23,"column":0},"end":{"line":23,"column":59}},"23":{"start":{"line":24,"column":0},"end":{"line":24,"column":61}},"24":{"start":{"line":25,"column":0},"end":{"line":25,"column":51}},"25":{"start":{"line":26,"column":0},"end":{"line":26,"column":33}},"26":{"start":{"line":27,"column":0},"end":{"line":27,"column":3}},"27":{"start":{"line":28,"column":0},"end":{"line":28,"column":95}},"28":{"start":{"line":29,"column":0},"end":{"line":29,"column":1}},"30":{"start":{"line":31,"column":0},"end":{"line":31,"column":69}},"31":{"start":{"line":32,"column":0},"end":{"line":32,"column":20}},"32":{"start":{"line":33,"column":0},"end":{"line":33,"column":7}},"33":{"start":{"line":34,"column":0},"end":{"line":34,"column":41}},"34":{"start":{"line":35,"column":0},"end":{"line":35,"column":11}},"35":{"start":{"line":36,"column":0},"end":{"line":36,"column":83}},"36":{"start":{"line":37,"column":0},"end":{"line":37,"column":3}},"37":{"start":{"line":38,"column":0},"end":{"line":38,"column":16}},"38":{"start":{"line":39,"column":0},"end":{"line":39,"column":29}},"39":{"start":{"line":40,"column":0},"end":{"line":40,"column":72}},"40":{"start":{"line":41,"column":0},"end":{"line":41,"column":63}},"41":{"start":{"line":42,"column":0},"end":{"line":42,"column":3}},"42":{"start":{"line":43,"column":0},"end":{"line":43,"column":33}},"43":{"start":{"line":44,"column":0},"end":{"line":44,"column":1}},"45":{"start":{"line":46,"column":0},"end":{"line":46,"column":79}},"46":{"start":{"line":47,"column":0},"end":{"line":47,"column":45}},"47":{"start":{"line":48,"column":0},"end":{"line":48,"column":19}},"48":{"start":{"line":49,"column":0},"end":{"line":49,"column":52}},"49":{"start":{"line":50,"column":0},"end":{"line":50,"column":37}},"50":{"start":{"line":51,"column":0},"end":{"line":51,"column":5}},"51":{"start":{"line":52,"column":0},"end":{"line":52,"column":1}},"54":{"start":{"line":55,"column":0},"end":{"line":55,"column":55}},"55":{"start":{"line":56,"column":0},"end":{"line":56,"column":32}},"56":{"start":{"line":57,"column":0},"end":{"line":57,"column":58}},"57":{"start":{"line":58,"column":0},"end":{"line":58,"column":76}},"58":{"start":{"line":59,"column":0},"end":{"line":59,"column":3}},"59":{"start":{"line":60,"column":0},"end":{"line":60,"column":47}},"60":{"start":{"line":61,"column":0},"end":{"line":61,"column":21}},"61":{"start":{"line":62,"column":0},"end":{"line":62,"column":1}},"63":{"start":{"line":64,"column":0},"end":{"line":64,"column":20}},"64":{"start":{"line":65,"column":0},"end":{"line":65,"column":51}},"66":{"start":{"line":67,"column":0},"end":{"line":67,"column":88}},"68":{"start":{"line":69,"column":0},"end":{"line":69,"column":73}},"69":{"start":{"line":70,"column":0},"end":{"line":70,"column":68}},"70":{"start":{"line":71,"column":0},"end":{"line":71,"column":31}},"71":{"start":{"line":72,"column":0},"end":{"line":72,"column":5}},"73":{"start":{"line":74,"column":0},"end":{"line":74,"column":47}},"74":{"start":{"line":75,"column":0},"end":{"line":75,"column":43}},"75":{"start":{"line":76,"column":0},"end":{"line":76,"column":58}},"76":{"start":{"line":77,"column":0},"end":{"line":77,"column":55}},"79":{"start":{"line":80,"column":0},"end":{"line":80,"column":53}},"81":{"start":{"line":82,"column":0},"end":{"line":82,"column":57}},"82":{"start":{"line":83,"column":0},"end":{"line":83,"column":38}},"83":{"start":{"line":84,"column":0},"end":{"line":84,"column":42}},"84":{"start":{"line":85,"column":0},"end":{"line":85,"column":58}},"85":{"start":{"line":86,"column":0},"end":{"line":86,"column":42}},"86":{"start":{"line":87,"column":0},"end":{"line":87,"column":35}},"88":{"start":{"line":89,"column":0},"end":{"line":89,"column":62}},"89":{"start":{"line":90,"column":0},"end":{"line":90,"column":30}},"90":{"start":{"line":91,"column":0},"end":{"line":91,"column":39}},"91":{"start":{"line":92,"column":0},"end":{"line":92,"column":76}},"92":{"start":{"line":93,"column":0},"end":{"line":93,"column":4}},"94":{"start":{"line":95,"column":0},"end":{"line":95,"column":118}},"95":{"start":{"line":96,"column":0},"end":{"line":96,"column":30}},"96":{"start":{"line":97,"column":0},"end":{"line":97,"column":39}},"97":{"start":{"line":98,"column":0},"end":{"line":98,"column":60}},"98":{"start":{"line":99,"column":0},"end":{"line":99,"column":4}},"100":{"start":{"line":101,"column":0},"end":{"line":101,"column":75}},"102":{"start":{"line":103,"column":0},"end":{"line":103,"column":57}},"103":{"start":{"line":104,"column":0},"end":{"line":104,"column":68}},"104":{"start":{"line":105,"column":0},"end":{"line":105,"column":31}},"105":{"start":{"line":106,"column":0},"end":{"line":106,"column":5}},"107":{"start":{"line":108,"column":0},"end":{"line":108,"column":78}},"108":{"start":{"line":109,"column":0},"end":{"line":109,"column":50}},"109":{"start":{"line":110,"column":0},"end":{"line":110,"column":91}},"111":{"start":{"line":112,"column":0},"end":{"line":112,"column":58}},"112":{"start":{"line":113,"column":0},"end":{"line":113,"column":54}},"113":{"start":{"line":114,"column":0},"end":{"line":114,"column":54}},"114":{"start":{"line":115,"column":0},"end":{"line":115,"column":56}},"115":{"start":{"line":116,"column":0},"end":{"line":116,"column":56}},"119":{"start":{"line":120,"column":0},"end":{"line":120,"column":54}},"120":{"start":{"line":121,"column":0},"end":{"line":121,"column":22}},"121":{"start":{"line":122,"column":0},"end":{"line":122,"column":9}},"122":{"start":{"line":123,"column":0},"end":{"line":123,"column":54}},"123":{"start":{"line":124,"column":0},"end":{"line":124,"column":13}},"124":{"start":{"line":125,"column":0},"end":{"line":125,"column":85}},"125":{"start":{"line":126,"column":0},"end":{"line":126,"column":5}},"126":{"start":{"line":127,"column":0},"end":{"line":127,"column":18}},"127":{"start":{"line":128,"column":0},"end":{"line":128,"column":31}},"128":{"start":{"line":129,"column":0},"end":{"line":129,"column":60}},"129":{"start":{"line":130,"column":0},"end":{"line":130,"column":65}},"130":{"start":{"line":131,"column":0},"end":{"line":131,"column":5}},"131":{"start":{"line":132,"column":0},"end":{"line":132,"column":22}},"132":{"start":{"line":133,"column":0},"end":{"line":133,"column":4}},"134":{"start":{"line":135,"column":0},"end":{"line":135,"column":51}},"135":{"start":{"line":136,"column":0},"end":{"line":136,"column":90}},"136":{"start":{"line":137,"column":0},"end":{"line":137,"column":67}},"137":{"start":{"line":138,"column":0},"end":{"line":138,"column":37}},"138":{"start":{"line":139,"column":0},"end":{"line":139,"column":5}},"139":{"start":{"line":140,"column":0},"end":{"line":140,"column":61}},"140":{"start":{"line":141,"column":0},"end":{"line":141,"column":2}}},"s":{"10":1,"12":1,"13":4,"14":4,"15":4,"16":4,"17":4,"18":4,"19":4,"20":4,"22":3,"23":3,"24":3,"25":3,"26":3,"27":3,"28":3,"30":7,"31":7,"32":7,"33":7,"34":7,"35":1,"36":1,"37":7,"38":2,"39":2,"40":2,"41":2,"42":4,"43":4,"45":1,"46":1,"47":1,"48":1,"49":1,"50":1,"51":1,"54":1,"55":5,"56":3,"57":3,"58":3,"59":2,"60":0,"61":0,"63":1,"64":1,"66":1,"68":1,"69":0,"70":0,"71":0,"73":1,"74":1,"75":1,"76":1,"79":1,"81":1,"82":1,"83":1,"84":1,"85":1,"86":1,"88":1,"89":1,"90":1,"91":1,"92":1,"94":1,"95":1,"96":1,"97":1,"98":1,"100":1,"102":1,"103":1,"104":1,"105":1,"107":1,"108":1,"109":1,"111":1,"112":1,"113":1,"114":1,"115":1,"119":1,"120":2,"121":2,"122":2,"123":2,"124":0,"125":0,"126":2,"127":1,"128":1,"129":1,"130":1,"131":1,"132":2,"134":1,"135":1,"136":1,"137":1,"138":1,"139":1,"140":1},"branchMap":{"0":{"type":"branch","line":13,"loc":{"start":{"line":13,"column":36},"end":{"line":21,"column":1}},"locations":[{"start":{"line":13,"column":36},"end":{"line":21,"column":1}}]},"1":{"type":"branch","line":16,"loc":{"start":{"line":16,"column":2},"end":{"line":20,"column":3}},"locations":[{"start":{"line":16,"column":2},"end":{"line":20,"column":3}}]},"2":{"type":"branch","line":17,"loc":{"start":{"line":17,"column":28},"end":{"line":17,"column":49}},"locations":[{"start":{"line":17,"column":28},"end":{"line":17,"column":49}}]},"3":{"type":"branch","line":17,"loc":{"start":{"line":17,"column":40},"end":{"line":17,"column":58}},"locations":[{"start":{"line":17,"column":40},"end":{"line":17,"column":58}}]},"4":{"type":"branch","line":17,"loc":{"start":{"line":17,"column":49},"end":{"line":17,"column":74}},"locations":[{"start":{"line":17,"column":49},"end":{"line":17,"column":74}}]},"5":{"type":"branch","line":23,"loc":{"start":{"line":23,"column":0},"end":{"line":29,"column":1}},"locations":[{"start":{"line":23,"column":0},"end":{"line":29,"column":1}}]},"6":{"type":"branch","line":26,"loc":{"start":{"line":26,"column":11},"end":{"line":26,"column":33}},"locations":[{"start":{"line":26,"column":11},"end":{"line":26,"column":33}}]},"7":{"type":"branch","line":27,"loc":{"start":{"line":27,"column":2},"end":{"line":28,"column":76}},"locations":[{"start":{"line":27,"column":2},"end":{"line":28,"column":76}}]},"8":{"type":"branch","line":28,"loc":{"start":{"line":28,"column":72},"end":{"line":28,"column":92}},"locations":[{"start":{"line":28,"column":72},"end":{"line":28,"column":92}}]},"9":{"type":"branch","line":31,"loc":{"start":{"line":31,"column":0},"end":{"line":44,"column":1}},"locations":[{"start":{"line":31,"column":0},"end":{"line":44,"column":1}}]},"10":{"type":"branch","line":34,"loc":{"start":{"line":34,"column":39},"end":{"line":35,"column":10}},"locations":[{"start":{"line":34,"column":39},"end":{"line":35,"column":10}}]},"11":{"type":"branch","line":35,"loc":{"start":{"line":35,"column":2},"end":{"line":37,"column":3}},"locations":[{"start":{"line":35,"column":2},"end":{"line":37,"column":3}}]},"12":{"type":"branch","line":37,"loc":{"start":{"line":37,"column":2},"end":{"line":38,"column":15}},"locations":[{"start":{"line":37,"column":2},"end":{"line":38,"column":15}}]},"13":{"type":"branch","line":38,"loc":{"start":{"line":38,"column":15},"end":{"line":42,"column":3}},"locations":[{"start":{"line":38,"column":15},"end":{"line":42,"column":3}}]},"14":{"type":"branch","line":40,"loc":{"start":{"line":40,"column":35},"end":{"line":40,"column":72}},"locations":[{"start":{"line":40,"column":35},"end":{"line":40,"column":72}}]},"15":{"type":"branch","line":42,"loc":{"start":{"line":42,"column":2},"end":{"line":44,"column":1}},"locations":[{"start":{"line":42,"column":2},"end":{"line":44,"column":1}}]},"16":{"type":"branch","line":46,"loc":{"start":{"line":46,"column":0},"end":{"line":52,"column":1}},"locations":[{"start":{"line":46,"column":0},"end":{"line":52,"column":1}}]},"17":{"type":"branch","line":50,"loc":{"start":{"line":50,"column":25},"end":{"line":50,"column":35}},"locations":[{"start":{"line":50,"column":25},"end":{"line":50,"column":35}}]},"18":{"type":"branch","line":55,"loc":{"start":{"line":55,"column":7},"end":{"line":62,"column":1}},"locations":[{"start":{"line":55,"column":7},"end":{"line":62,"column":1}}]},"19":{"type":"branch","line":56,"loc":{"start":{"line":56,"column":31},"end":{"line":59,"column":3}},"locations":[{"start":{"line":56,"column":31},"end":{"line":59,"column":3}}]},"20":{"type":"branch","line":57,"loc":{"start":{"line":57,"column":40},"end":{"line":57,"column":58}},"locations":[{"start":{"line":57,"column":40},"end":{"line":57,"column":58}}]},"21":{"type":"branch","line":57,"loc":{"start":{"line":57,"column":51},"end":{"line":58,"column":53}},"locations":[{"start":{"line":57,"column":51},"end":{"line":58,"column":53}}]},"22":{"type":"branch","line":58,"loc":{"start":{"line":58,"column":45},"end":{"line":58,"column":76}},"locations":[{"start":{"line":58,"column":45},"end":{"line":58,"column":76}}]},"23":{"type":"branch","line":59,"loc":{"start":{"line":59,"column":2},"end":{"line":62,"column":1}},"locations":[{"start":{"line":59,"column":2},"end":{"line":62,"column":1}}]},"24":{"type":"branch","line":60,"loc":{"start":{"line":60,"column":39},"end":{"line":62,"column":1}},"locations":[{"start":{"line":60,"column":39},"end":{"line":62,"column":1}}]},"25":{"type":"branch","line":65,"loc":{"start":{"line":65,"column":10},"end":{"line":65,"column":51}},"locations":[{"start":{"line":65,"column":10},"end":{"line":65,"column":51}}]},"26":{"type":"branch","line":85,"loc":{"start":{"line":85,"column":8},"end":{"line":86,"column":42}},"locations":[{"start":{"line":85,"column":8},"end":{"line":86,"column":42}}]},"27":{"type":"branch","line":89,"loc":{"start":{"line":89,"column":13},"end":{"line":93,"column":4}},"locations":[{"start":{"line":89,"column":13},"end":{"line":93,"column":4}}]},"28":{"type":"branch","line":95,"loc":{"start":{"line":95,"column":14},"end":{"line":99,"column":4}},"locations":[{"start":{"line":95,"column":14},"end":{"line":99,"column":4}}]},"29":{"type":"branch","line":103,"loc":{"start":{"line":103,"column":13},"end":{"line":106,"column":5}},"locations":[{"start":{"line":103,"column":13},"end":{"line":106,"column":5}}]},"30":{"type":"branch","line":108,"loc":{"start":{"line":108,"column":12},"end":{"line":108,"column":78}},"locations":[{"start":{"line":108,"column":12},"end":{"line":108,"column":78}}]},"31":{"type":"branch","line":120,"loc":{"start":{"line":120,"column":14},"end":{"line":133,"column":4}},"locations":[{"start":{"line":120,"column":14},"end":{"line":133,"column":4}}]},"32":{"type":"branch","line":124,"loc":{"start":{"line":124,"column":4},"end":{"line":126,"column":5}},"locations":[{"start":{"line":124,"column":4},"end":{"line":126,"column":5}}]},"33":{"type":"branch","line":127,"loc":{"start":{"line":127,"column":17},"end":{"line":132,"column":22}},"locations":[{"start":{"line":127,"column":17},"end":{"line":132,"column":22}}]},"34":{"type":"branch","line":129,"loc":{"start":{"line":129,"column":37},"end":{"line":129,"column":60}},"locations":[{"start":{"line":129,"column":37},"end":{"line":129,"column":60}}]},"35":{"type":"branch","line":136,"loc":{"start":{"line":136,"column":15},"end":{"line":139,"column":5}},"locations":[{"start":{"line":136,"column":15},"end":{"line":139,"column":5}}]}},"b":{"0":[4],"1":[4],"2":[3],"3":[3],"4":[1],"5":[3],"6":[0],"7":[0],"8":[0],"9":[7],"10":[6],"11":[1],"12":[6],"13":[2],"14":[0],"15":[4],"16":[1],"17":[0],"18":[5],"19":[3],"20":[2],"21":[1],"22":[0],"23":[2],"24":[0],"25":[1],"26":[1],"27":[1],"28":[1],"29":[1],"30":[1],"31":[2],"32":[0],"33":[1],"34":[0],"35":[1]},"fnMap":{"0":{"name":"<instance_members_initializer>","decl":{"start":{"line":13,"column":36},"end":{"line":21,"column":1}},"loc":{"start":{"line":13,"column":36},"end":{"line":21,"column":1}},"line":13},"1":{"name":"ApiError","decl":{"start":{"line":16,"column":2},"end":{"line":20,"column":3}},"loc":{"start":{"line":16,"column":2},"end":{"line":20,"column":3}},"line":16},"2":{"name":"detailOf","decl":{"start":{"line":23,"column":0},"end":{"line":29,"column":1}},"loc":{"start":{"line":23,"column":0},"end":{"line":29,"column":1}},"line":23},"3":{"name":"req","decl":{"start":{"line":31,"column":0},"end":{"line":44,"column":1}},"loc":{"start":{"line":31,"column":0},"end":{"line":44,"column":1}},"line":31},"4":{"name":"post","decl":{"start":{"line":46,"column":0},"end":{"line":52,"column":1}},"loc":{"start":{"line":46,"column":0},"end":{"line":52,"column":1}},"line":46},"5":{"name":"apiErrorMessage","decl":{"start":{"line":55,"column":7},"end":{"line":62,"column":1}},"loc":{"start":{"line":55,"column":7},"end":{"line":62,"column":1}},"line":55},"6":{"name":"health","decl":{"start":{"line":65,"column":10},"end":{"line":65,"column":51}},"loc":{"start":{"line":65,"column":10},"end":{"line":65,"column":51}},"line":65},"7":{"name":"listPorts","decl":{"start":{"line":67,"column":13},"end":{"line":67,"column":88}},"loc":{"start":{"line":67,"column":13},"end":{"line":67,"column":88}},"line":67},"8":{"name":"connect","decl":{"start":{"line":69,"column":11},"end":{"line":72,"column":5}},"loc":{"start":{"line":69,"column":11},"end":{"line":72,"column":5}},"line":69},"9":{"name":"disconnect","decl":{"start":{"line":74,"column":14},"end":{"line":74,"column":47}},"loc":{"start":{"line":74,"column":14},"end":{"line":74,"column":47}},"line":74},"10":{"name":"identify","decl":{"start":{"line":75,"column":12},"end":{"line":75,"column":43}},"loc":{"start":{"line":75,"column":12},"end":{"line":75,"column":43}},"line":75},"11":{"name":"deviceStatus","decl":{"start":{"line":76,"column":16},"end":{"line":76,"column":58}},"loc":{"start":{"line":76,"column":16},"end":{"line":76,"column":58}},"line":76},"12":{"name":"deviceError","decl":{"start":{"line":77,"column":15},"end":{"line":77,"column":55}},"loc":{"start":{"line":77,"column":15},"end":{"line":77,"column":55}},"line":77},"13":{"name":"hardClip","decl":{"start":{"line":80,"column":12},"end":{"line":80,"column":53}},"loc":{"start":{"line":80,"column":12},"end":{"line":80,"column":53}},"line":80},"14":{"name":"selectPen","decl":{"start":{"line":82,"column":13},"end":{"line":82,"column":57}},"loc":{"start":{"line":82,"column":13},"end":{"line":82,"column":57}},"line":82},"15":{"name":"penUp","decl":{"start":{"line":83,"column":9},"end":{"line":83,"column":38}},"loc":{"start":{"line":83,"column":9},"end":{"line":83,"column":38}},"line":83},"16":{"name":"penDown","decl":{"start":{"line":84,"column":11},"end":{"line":84,"column":42}},"loc":{"start":{"line":84,"column":11},"end":{"line":84,"column":42}},"line":84},"17":{"name":"move","decl":{"start":{"line":85,"column":8},"end":{"line":86,"column":42}},"loc":{"start":{"line":85,"column":8},"end":{"line":86,"column":42}},"line":85},"18":{"name":"park","decl":{"start":{"line":87,"column":8},"end":{"line":87,"column":35}},"loc":{"start":{"line":87,"column":8},"end":{"line":87,"column":35}},"line":87},"19":{"name":"uploadSvg","decl":{"start":{"line":89,"column":13},"end":{"line":93,"column":4}},"loc":{"start":{"line":89,"column":13},"end":{"line":93,"column":4}},"line":89},"20":{"name":"uploadHpgl","decl":{"start":{"line":95,"column":14},"end":{"line":99,"column":4}},"loc":{"start":{"line":95,"column":14},"end":{"line":99,"column":4}},"line":95},"21":{"name":"analysis","decl":{"start":{"line":101,"column":12},"end":{"line":101,"column":75}},"loc":{"start":{"line":101,"column":12},"end":{"line":101,"column":75}},"line":101},"22":{"name":"createJob","decl":{"start":{"line":103,"column":13},"end":{"line":106,"column":5}},"loc":{"start":{"line":103,"column":13},"end":{"line":106,"column":5}},"line":103},"23":{"name":"listJobs","decl":{"start":{"line":108,"column":12},"end":{"line":108,"column":78}},"loc":{"start":{"line":108,"column":12},"end":{"line":108,"column":78}},"line":108},"24":{"name":"getJob","decl":{"start":{"line":109,"column":10},"end":{"line":109,"column":50}},"loc":{"start":{"line":109,"column":10},"end":{"line":109,"column":50}},"line":109},"25":{"name":"deleteJob","decl":{"start":{"line":110,"column":13},"end":{"line":110,"column":91}},"loc":{"start":{"line":110,"column":13},"end":{"line":110,"column":91}},"line":110},"26":{"name":"prepareJob","decl":{"start":{"line":112,"column":14},"end":{"line":112,"column":58}},"loc":{"start":{"line":112,"column":14},"end":{"line":112,"column":58}},"line":112},"27":{"name":"startJob","decl":{"start":{"line":113,"column":12},"end":{"line":113,"column":54}},"loc":{"start":{"line":113,"column":12},"end":{"line":113,"column":54}},"line":113},"28":{"name":"pauseJob","decl":{"start":{"line":114,"column":12},"end":{"line":114,"column":54}},"loc":{"start":{"line":114,"column":12},"end":{"line":114,"column":54}},"line":114},"29":{"name":"resumeJob","decl":{"start":{"line":115,"column":13},"end":{"line":115,"column":56}},"loc":{"start":{"line":115,"column":13},"end":{"line":115,"column":56}},"line":115},"30":{"name":"cancelJob","decl":{"start":{"line":116,"column":13},"end":{"line":116,"column":56}},"loc":{"start":{"line":116,"column":13},"end":{"line":116,"column":56}},"line":116},"31":{"name":"jobPreview","decl":{"start":{"line":120,"column":14},"end":{"line":133,"column":4}},"loc":{"start":{"line":120,"column":14},"end":{"line":133,"column":4}},"line":120},"32":{"name":"getSettings","decl":{"start":{"line":135,"column":15},"end":{"line":135,"column":51}},"loc":{"start":{"line":135,"column":15},"end":{"line":135,"column":51}},"line":135},"33":{"name":"putSettings","decl":{"start":{"line":136,"column":15},"end":{"line":139,"column":5}},"loc":{"start":{"line":136,"column":15},"end":{"line":139,"column":5}},"line":136},"34":{"name":"getPapers","decl":{"start":{"line":140,"column":13},"end":{"line":140,"column":61}},"loc":{"start":{"line":140,"column":13},"end":{"line":140,"column":61}},"line":140}},"f":{"0":4,"1":4,"2":3,"3":7,"4":1,"5":5,"6":1,"7":0,"8":0,"9":0,"10":0,"11":0,"12":0,"13":0,"14":0,"15":0,"16":0,"17":1,"18":0,"19":1,"20":1,"21":0,"22":1,"23":1,"24":0,"25":0,"26":0,"27":0,"28":0,"29":0,"30":0,"31":2,"32":0,"33":1,"34":0}}
,"/root/projects/hp7475a-web/frontend/src/api/types.ts": {"path":"/root/projects/hp7475a-web/frontend/src/api/types.ts","all":false,"statementMap":{"162":{"start":{"line":163,"column":0},"end":{"line":163,"column":57}},"163":{"start":{"line":164,"column":0},"end":{"line":164,"column":72}},"164":{"start":{"line":165,"column":0},"end":{"line":165,"column":1}},"167":{"start":{"line":168,"column":0},"end":{"line":168,"column":51}},"168":{"start":{"line":169,"column":0},"end":{"line":169,"column":39}},"169":{"start":{"line":170,"column":0},"end":{"line":170,"column":22}},"170":{"start":{"line":171,"column":0},"end":{"line":171,"column":23}},"171":{"start":{"line":172,"column":0},"end":{"line":172,"column":24}},"172":{"start":{"line":173,"column":0},"end":{"line":173,"column":25}},"173":{"start":{"line":174,"column":0},"end":{"line":174,"column":25}},"174":{"start":{"line":175,"column":0},"end":{"line":175,"column":2}},"176":{"start":{"line":177,"column":0},"end":{"line":177,"column":59}}},"s":{"162":1,"163":7,"164":7,"167":1,"168":1,"169":1,"170":1,"171":1,"172":1,"173":1,"174":1,"176":1},"branchMap":{"0":{"type":"branch","line":163,"loc":{"start":{"line":163,"column":7},"end":{"line":165,"column":1}},"locations":[{"start":{"line":163,"column":7},"end":{"line":165,"column":1}}]},"1":{"type":"branch","line":164,"loc":{"start":{"line":164,"column":20},"end":{"line":164,"column":72}},"locations":[{"start":{"line":164,"column":20},"end":{"line":164,"column":72}}]}},"b":{"0":[7],"1":[6]},"fnMap":{"0":{"name":"isJobEvent","decl":{"start":{"line":163,"column":7},"end":{"line":165,"column":1}},"loc":{"start":{"line":163,"column":7},"end":{"line":165,"column":1}},"line":163}},"f":{"0":7}}
,"/root/projects/hp7475a-web/frontend/src/api/ws.ts": {"path":"/root/projects/hp7475a-web/frontend/src/api/ws.ts","all":false,"statementMap":{"0":{"start":{"line":1,"column":0},"end":{"line":1,"column":70}},"9":{"start":{"line":10,"column":0},"end":{"line":10,"column":19}},"11":{"start":{"line":12,"column":0},"end":{"line":12,"column":26}},"12":{"start":{"line":13,"column":0},"end":{"line":13,"column":67}},"13":{"start":{"line":14,"column":0},"end":{"line":14,"column":32}},"14":{"start":{"line":15,"column":0},"end":{"line":15,"column":69}},"15":{"start":{"line":16,"column":0},"end":{"line":16,"column":60}},"16":{"start":{"line":17,"column":0},"end":{"line":17,"column":1}},"32":{"start":{"line":33,"column":0},"end":{"line":33,"column":83}},"33":{"start":{"line":34,"column":0},"end":{"line":34,"column":36}},"34":{"start":{"line":35,"column":0},"end":{"line":35,"column":30}},"36":{"start":{"line":37,"column":0},"end":{"line":37,"column":60}},"37":{"start":{"line":38,"column":0},"end":{"line":38,"column":59}},"38":{"start":{"line":39,"column":0},"end":{"line":39,"column":50}},"39":{"start":{"line":40,"column":0},"end":{"line":40,"column":52}},"41":{"start":{"line":42,"column":0},"end":{"line":42,"column":19}},"42":{"start":{"line":43,"column":0},"end":{"line":43,"column":23}},"43":{"start":{"line":44,"column":0},"end":{"line":44,"column":20}},"44":{"start":{"line":45,"column":0},"end":{"line":45,"column":36}},"45":{"start":{"line":46,"column":0},"end":{"line":46,"column":57}},"47":{"start":{"line":48,"column":0},"end":{"line":48,"column":27}},"48":{"start":{"line":49,"column":0},"end":{"line":49,"column":25}},"49":{"start":{"line":50,"column":0},"end":{"line":50,"column":29}},"50":{"start":{"line":51,"column":0},"end":{"line":51,"column":33}},"51":{"start":{"line":52,"column":0},"end":{"line":52,"column":11}},"52":{"start":{"line":53,"column":0},"end":{"line":53,"column":36}},"53":{"start":{"line":54,"column":0},"end":{"line":54,"column":15}},"54":{"start":{"line":55,"column":0},"end":{"line":55,"column":19}},"55":{"start":{"line":56,"column":0},"end":{"line":56,"column":15}},"56":{"start":{"line":57,"column":0},"end":{"line":57,"column":7}},"57":{"start":{"line":58,"column":0},"end":{"line":58,"column":59}},"58":{"start":{"line":59,"column":0},"end":{"line":59,"column":52}},"59":{"start":{"line":60,"column":0},"end":{"line":60,"column":13}},"60":{"start":{"line":61,"column":0},"end":{"line":61,"column":55}},"61":{"start":{"line":62,"column":0},"end":{"line":62,"column":23}},"62":{"start":{"line":63,"column":0},"end":{"line":63,"column":65}},"63":{"start":{"line":64,"column":0},"end":{"line":64,"column":33}},"64":{"start":{"line":65,"column":0},"end":{"line":65,"column":50}},"65":{"start":{"line":66,"column":0},"end":{"line":66,"column":8}},"66":{"start":{"line":67,"column":0},"end":{"line":67,"column":26}},"67":{"start":{"line":68,"column":0},"end":{"line":68,"column":18}},"68":{"start":{"line":69,"column":0},"end":{"line":69,"column":56}},"69":{"start":{"line":70,"column":0},"end":{"line":70,"column":8}},"70":{"start":{"line":71,"column":0},"end":{"line":71,"column":37}},"71":{"start":{"line":72,"column":0},"end":{"line":72,"column":6}},"73":{"start":{"line":74,"column":0},"end":{"line":74,"column":28}},"74":{"start":{"line":75,"column":0},"end":{"line":75,"column":19}},"75":{"start":{"line":76,"column":0},"end":{"line":76,"column":73}},"76":{"start":{"line":77,"column":0},"end":{"line":77,"column":41}},"77":{"start":{"line":78,"column":0},"end":{"line":78,"column":6}},"79":{"start":{"line":80,"column":0},"end":{"line":80,"column":14}},"80":{"start":{"line":81,"column":0},"end":{"line":81,"column":18}},"81":{"start":{"line":82,"column":0},"end":{"line":82,"column":20}},"82":{"start":{"line":83,"column":0},"end":{"line":83,"column":37}},"83":{"start":{"line":84,"column":0},"end":{"line":84,"column":18}},"84":{"start":{"line":85,"column":0},"end":{"line":85,"column":6}},"85":{"start":{"line":86,"column":0},"end":{"line":86,"column":9}},"87":{"start":{"line":88,"column":0},"end":{"line":88,"column":43}},"88":{"start":{"line":89,"column":0},"end":{"line":89,"column":1}}},"s":{"0":1,"9":1,"11":37,"12":37,"13":37,"14":37,"15":37,"16":37,"32":1,"33":120,"34":120,"36":120,"37":120,"38":120,"39":120,"41":120,"42":36,"43":36,"44":36,"45":36,"47":36,"48":37,"49":37,"50":37,"51":37,"52":37,"53":37,"54":0,"55":0,"56":0,"57":37,"58":37,"59":67,"60":67,"61":67,"62":67,"63":67,"64":67,"65":67,"66":37,"67":37,"68":37,"69":37,"70":37,"71":37,"73":36,"74":1,"75":1,"76":1,"77":1,"79":36,"80":36,"81":36,"82":36,"83":36,"84":36,"85":120,"87":120,"88":120},"branchMap":{"0":{"type":"branch","line":12,"loc":{"start":{"line":12,"column":0},"end":{"line":17,"column":1}},"locations":[{"start":{"line":12,"column":0},"end":{"line":17,"column":1}}]},"1":{"type":"branch","line":14,"loc":{"start":{"line":14,"column":16},"end":{"line":14,"column":32}},"locations":[{"start":{"line":14,"column":16},"end":{"line":14,"column":32}}]},"2":{"type":"branch","line":15,"loc":{"start":{"line":15,"column":45},"end":{"line":15,"column":64}},"locations":[{"start":{"line":15,"column":45},"end":{"line":15,"column":64}}]},"3":{"type":"branch","line":33,"loc":{"start":{"line":33,"column":7},"end":{"line":89,"column":1}},"locations":[{"start":{"line":33,"column":7},"end":{"line":89,"column":1}}]},"4":{"type":"branch","line":42,"loc":{"start":{"line":42,"column":12},"end":{"line":86,"column":5}},"locations":[{"start":{"line":42,"column":12},"end":{"line":86,"column":5}}]},"5":{"type":"branch","line":48,"loc":{"start":{"line":48,"column":20},"end":{"line":72,"column":6}},"locations":[{"start":{"line":48,"column":20},"end":{"line":72,"column":6}}]},"6":{"type":"branch","line":49,"loc":{"start":{"line":49,"column":18},"end":{"line":49,"column":25}},"locations":[{"start":{"line":49,"column":18},"end":{"line":49,"column":25}}]},"7":{"type":"branch","line":54,"loc":{"start":{"line":54,"column":6},"end":{"line":57,"column":7}},"locations":[{"start":{"line":54,"column":6},"end":{"line":57,"column":7}}]},"8":{"type":"branch","line":58,"loc":{"start":{"line":58,"column":18},"end":{"line":58,"column":59}},"locations":[{"start":{"line":58,"column":18},"end":{"line":58,"column":59}}]},"9":{"type":"branch","line":59,"loc":{"start":{"line":59,"column":21},"end":{"line":66,"column":8}},"locations":[{"start":{"line":59,"column":21},"end":{"line":66,"column":8}}]},"10":{"type":"branch","line":64,"loc":{"start":{"line":64,"column":18},"end":{"line":64,"column":33}},"locations":[{"start":{"line":64,"column":18},"end":{"line":64,"column":33}}]},"11":{"type":"branch","line":65,"loc":{"start":{"line":65,"column":8},"end":{"line":65,"column":50}},"locations":[{"start":{"line":65,"column":8},"end":{"line":65,"column":50}}]},"12":{"type":"branch","line":63,"loc":{"start":{"line":63,"column":17},"end":{"line":63,"column":63}},"locations":[{"start":{"line":63,"column":17},"end":{"line":63,"column":63}}]},"13":{"type":"branch","line":67,"loc":{"start":{"line":67,"column":19},"end":{"line":70,"column":8}},"locations":[{"start":{"line":67,"column":19},"end":{"line":70,"column":8}}]},"14":{"type":"branch","line":69,"loc":{"start":{"line":69,"column":21},"end":{"line":69,"column":56}},"locations":[{"start":{"line":69,"column":21},"end":{"line":69,"column":56}}]},"15":{"type":"branch","line":74,"loc":{"start":{"line":74,"column":21},"end":{"line":78,"column":6}},"locations":[{"start":{"line":74,"column":21},"end":{"line":78,"column":6}}]},"16":{"type":"branch","line":81,"loc":{"start":{"line":81,"column":11},"end":{"line":85,"column":6}},"locations":[{"start":{"line":81,"column":11},"end":{"line":85,"column":6}}]},"17":{"type":"branch","line":83,"loc":{"start":{"line":83,"column":17},"end":{"line":83,"column":37}},"locations":[{"start":{"line":83,"column":17},"end":{"line":83,"column":37}}]}},"b":{"0":[37],"1":[0],"2":[0],"3":[120],"4":[36],"5":[37],"6":[0],"7":[0],"8":[2],"9":[67],"10":[6],"11":[1],"12":[66],"13":[37],"14":[1],"15":[1],"16":[36],"17":[1]},"fnMap":{"0":{"name":"wsUrl","decl":{"start":{"line":12,"column":0},"end":{"line":17,"column":1}},"loc":{"start":{"line":12,"column":0},"end":{"line":17,"column":1}},"line":12},"1":{"name":"useStatusSocket","decl":{"start":{"line":33,"column":7},"end":{"line":89,"column":1}},"loc":{"start":{"line":33,"column":7},"end":{"line":89,"column":1}},"line":33},"2":{"name":"connect","decl":{"start":{"line":48,"column":20},"end":{"line":72,"column":6}},"loc":{"start":{"line":48,"column":20},"end":{"line":72,"column":6}},"line":48},"3":{"name":"ws.onopen","decl":{"start":{"line":58,"column":18},"end":{"line":58,"column":59}},"loc":{"start":{"line":58,"column":18},"end":{"line":58,"column":59}},"line":58},"4":{"name":"ws.onmessage","decl":{"start":{"line":59,"column":21},"end":{"line":66,"column":8}},"loc":{"start":{"line":59,"column":21},"end":{"line":66,"column":8}},"line":59},"5":{"name":"ws.onclose","decl":{"start":{"line":67,"column":19},"end":{"line":70,"column":8}},"loc":{"start":{"line":67,"column":19},"end":{"line":70,"column":8}},"line":67},"6":{"name":"ws.onerror","decl":{"start":{"line":71,"column":19},"end":{"line":71,"column":37}},"loc":{"start":{"line":71,"column":19},"end":{"line":71,"column":37}},"line":71},"7":{"name":"schedule","decl":{"start":{"line":74,"column":21},"end":{"line":78,"column":6}},"loc":{"start":{"line":74,"column":21},"end":{"line":78,"column":6}},"line":74}},"f":{"0":37,"1":120,"2":37,"3":2,"4":67,"5":37,"6":0,"7":1}}
,"/root/projects/hp7475a-web/frontend/src/components/Modal.tsx": {"path":"/root/projects/hp7475a-web/frontend/src/components/Modal.tsx","all":false,"statementMap":{"0":{"start":{"line":1,"column":0},"end":{"line":1,"column":58}},"4":{"start":{"line":5,"column":0},"end":{"line":5,"column":31}},"5":{"start":{"line":6,"column":0},"end":{"line":6,"column":35}},"6":{"start":{"line":7,"column":0},"end":{"line":7,"column":85}},"7":{"start":{"line":8,"column":0},"end":{"line":8,"column":52}},"8":{"start":{"line":9,"column":0},"end":{"line":9,"column":19}},"9":{"start":{"line":10,"column":0},"end":{"line":10,"column":31}},"10":{"start":{"line":11,"column":0},"end":{"line":11,"column":79}},"11":{"start":{"line":12,"column":0},"end":{"line":12,"column":46}},"12":{"start":{"line":13,"column":0},"end":{"line":13,"column":62}},"13":{"start":{"line":14,"column":0},"end":{"line":14,"column":16}},"15":{"start":{"line":16,"column":0},"end":{"line":16,"column":10}},"16":{"start":{"line":17,"column":0},"end":{"line":17,"column":35}},"17":{"start":{"line":18,"column":0},"end":{"line":18,"column":80}},"18":{"start":{"line":19,"column":0},"end":{"line":19,"column":24}},"19":{"start":{"line":20,"column":0},"end":{"line":20,"column":52}},"20":{"start":{"line":21,"column":0},"end":{"line":21,"column":72}},"21":{"start":{"line":22,"column":0},"end":{"line":22,"column":12}},"22":{"start":{"line":23,"column":0},"end":{"line":23,"column":10}},"24":{"start":{"line":25,"column":0},"end":{"line":25,"column":1}}},"s":{"0":1,"4":4,"5":4,"6":4,"7":4,"8":4,"9":4,"10":4,"11":4,"12":4,"13":4,"15":4,"16":4,"17":4,"18":4,"19":4,"20":4,"21":4,"22":4,"24":4},"branchMap":{"0":{"type":"branch","line":5,"loc":{"start":{"line":5,"column":0},"end":{"line":25,"column":1}},"locations":[{"start":{"line":5,"column":0},"end":{"line":25,"column":1}}]},"1":{"type":"branch","line":21,"loc":{"start":{"line":21,"column":19},"end":{"line":21,"column":72}},"locations":[{"start":{"line":21,"column":19},"end":{"line":21,"column":72}}]},"2":{"type":"branch","line":9,"loc":{"start":{"line":9,"column":12},"end":{"line":14,"column":5}},"locations":[{"start":{"line":9,"column":12},"end":{"line":14,"column":5}}]},"3":{"type":"branch","line":10,"loc":{"start":{"line":10,"column":14},"end":{"line":10,"column":29}},"locations":[{"start":{"line":10,"column":14},"end":{"line":10,"column":29}}]},"4":{"type":"branch","line":11,"loc":{"start":{"line":11,"column":18},"end":{"line":11,"column":79}},"locations":[{"start":{"line":11,"column":18},"end":{"line":11,"column":79}}]},"5":{"type":"branch","line":13,"loc":{"start":{"line":13,"column":11},"end":{"line":13,"column":62}},"locations":[{"start":{"line":13,"column":11},"end":{"line":13,"column":62}}]}},"b":{"0":[4],"1":[3],"2":[4],"3":[0],"4":[1],"5":[4]},"fnMap":{"0":{"name":"Modal","decl":{"start":{"line":5,"column":0},"end":{"line":25,"column":1}},"loc":{"start":{"line":5,"column":0},"end":{"line":25,"column":1}},"line":5},"1":{"name":"onKey","decl":{"start":{"line":11,"column":18},"end":{"line":11,"column":79}},"loc":{"start":{"line":11,"column":18},"end":{"line":11,"column":79}},"line":11}},"f":{"0":4,"1":1}}
,"/root/projects/hp7475a-web/frontend/src/components/PagePreview.tsx": {"path":"/root/projects/hp7475a-web/frontend/src/components/PagePreview.tsx","all":false,"statementMap":{"0":{"start":{"line":1,"column":0},"end":{"line":1,"column":32}},"6":{"start":{"line":7,"column":0},"end":{"line":7,"column":57}},"7":{"start":{"line":8,"column":0},"end":{"line":8,"column":12}},"8":{"start":{"line":9,"column":0},"end":{"line":9,"column":47}},"9":{"start":{"line":10,"column":0},"end":{"line":10,"column":45}},"10":{"start":{"line":11,"column":0},"end":{"line":11,"column":45}},"11":{"start":{"line":12,"column":0},"end":{"line":12,"column":39}},"12":{"start":{"line":13,"column":0},"end":{"line":13,"column":1}},"15":{"start":{"line":16,"column":0},"end":{"line":16,"column":99}},"16":{"start":{"line":17,"column":0},"end":{"line":17,"column":50}},"17":{"start":{"line":18,"column":0},"end":{"line":18,"column":10}},"18":{"start":{"line":19,"column":0},"end":{"line":19,"column":54}},"19":{"start":{"line":20,"column":0},"end":{"line":20,"column":63}},"20":{"start":{"line":21,"column":0},"end":{"line":21,"column":58}},"21":{"start":{"line":22,"column":0},"end":{"line":22,"column":5}},"22":{"start":{"line":23,"column":0},"end":{"line":23,"column":3}},"23":{"start":{"line":24,"column":0},"end":{"line":24,"column":69}},"24":{"start":{"line":25,"column":0},"end":{"line":25,"column":70}},"25":{"start":{"line":26,"column":0},"end":{"line":26,"column":56}},"26":{"start":{"line":27,"column":0},"end":{"line":27,"column":1}},"36":{"start":{"line":37,"column":0},"end":{"line":37,"column":37}},"37":{"start":{"line":38,"column":0},"end":{"line":38,"column":41}},"38":{"start":{"line":39,"column":0},"end":{"line":39,"column":4}},"46":{"start":{"line":47,"column":0},"end":{"line":47,"column":4}},"47":{"start":{"line":48,"column":0},"end":{"line":48,"column":76}},"48":{"start":{"line":49,"column":0},"end":{"line":49,"column":70}},"50":{"start":{"line":51,"column":0},"end":{"line":51,"column":14}},"51":{"start":{"line":52,"column":0},"end":{"line":52,"column":70}},"52":{"start":{"line":53,"column":0},"end":{"line":53,"column":57}},"53":{"start":{"line":54,"column":0},"end":{"line":54,"column":42}},"54":{"start":{"line":55,"column":0},"end":{"line":55,"column":112}},"55":{"start":{"line":56,"column":0},"end":{"line":56,"column":11}},"56":{"start":{"line":57,"column":0},"end":{"line":57,"column":3}},"57":{"start":{"line":58,"column":0},"end":{"line":58,"column":21}},"58":{"start":{"line":59,"column":0},"end":{"line":59,"column":70}},"59":{"start":{"line":60,"column":0},"end":{"line":60,"column":80}},"60":{"start":{"line":61,"column":0},"end":{"line":61,"column":11}},"61":{"start":{"line":62,"column":0},"end":{"line":62,"column":3}},"62":{"start":{"line":63,"column":0},"end":{"line":63,"column":50}},"63":{"start":{"line":64,"column":0},"end":{"line":64,"column":31}},"64":{"start":{"line":65,"column":0},"end":{"line":65,"column":68}},"65":{"start":{"line":66,"column":0},"end":{"line":66,"column":68}},"66":{"start":{"line":67,"column":0},"end":{"line":67,"column":10}},"67":{"start":{"line":68,"column":0},"end":{"line":68,"column":62}},"68":{"start":{"line":69,"column":0},"end":{"line":69,"column":85}},"69":{"start":{"line":70,"column":0},"end":{"line":70,"column":59}},"71":{"start":{"line":72,"column":0},"end":{"line":72,"column":64}},"72":{"start":{"line":73,"column":0},"end":{"line":73,"column":71}},"74":{"start":{"line":75,"column":0},"end":{"line":75,"column":64}},"75":{"start":{"line":76,"column":0},"end":{"line":76,"column":89}},"76":{"start":{"line":77,"column":0},"end":{"line":77,"column":61}},"78":{"start":{"line":79,"column":0},"end":{"line":79,"column":96}},"79":{"start":{"line":80,"column":0},"end":{"line":80,"column":12}},"80":{"start":{"line":81,"column":0},"end":{"line":81,"column":63}},"81":{"start":{"line":82,"column":0},"end":{"line":82,"column":109}},"82":{"start":{"line":83,"column":0},"end":{"line":83,"column":40}},"83":{"start":{"line":84,"column":0},"end":{"line":84,"column":50}},"84":{"start":{"line":85,"column":0},"end":{"line":85,"column":10}},"85":{"start":{"line":86,"column":0},"end":{"line":86,"column":10}},"87":{"start":{"line":88,"column":0},"end":{"line":88,"column":1}},"90":{"start":{"line":91,"column":0},"end":{"line":91,"column":39}},"91":{"start":{"line":92,"column":0},"end":{"line":92,"column":40}},"92":{"start":{"line":93,"column":0},"end":{"line":93,"column":24}},"93":{"start":{"line":94,"column":0},"end":{"line":94,"column":54}},"94":{"start":{"line":95,"column":0},"end":{"line":95,"column":54}},"95":{"start":{"line":96,"column":0},"end":{"line":96,"column":31}},"96":{"start":{"line":97,"column":0},"end":{"line":97,"column":1}}},"s":{"0":1,"6":1,"7":4,"8":4,"9":4,"10":4,"11":4,"12":4,"15":1,"16":4,"17":4,"18":4,"19":4,"20":4,"21":4,"22":4,"23":4,"24":4,"25":4,"26":4,"36":88,"37":88,"38":88,"46":88,"47":88,"48":88,"50":88,"51":1,"52":1,"53":1,"54":1,"55":1,"56":1,"57":88,"58":81,"59":81,"60":81,"61":81,"62":88,"63":88,"64":88,"65":88,"66":88,"67":88,"68":88,"69":88,"71":88,"72":88,"74":88,"75":88,"76":88,"78":88,"79":88,"80":88,"81":88,"82":88,"83":88,"84":88,"85":88,"87":88,"90":6,"91":6,"92":6,"93":6,"94":6,"95":6,"96":6},"branchMap":{"0":{"type":"branch","line":7,"loc":{"start":{"line":7,"column":7},"end":{"line":13,"column":1}},"locations":[{"start":{"line":7,"column":7},"end":{"line":13,"column":1}}]},"1":{"type":"branch","line":16,"loc":{"start":{"line":16,"column":7},"end":{"line":27,"column":1}},"locations":[{"start":{"line":16,"column":7},"end":{"line":27,"column":1}}]},"2":{"type":"branch","line":23,"loc":{"start":{"line":23,"column":2},"end":{"line":24,"column":66}},"locations":[{"start":{"line":23,"column":2},"end":{"line":24,"column":66}}]},"3":{"type":"branch","line":24,"loc":{"start":{"line":24,"column":61},"end":{"line":24,"column":67}},"locations":[{"start":{"line":24,"column":61},"end":{"line":24,"column":67}}]},"4":{"type":"branch","line":25,"loc":{"start":{"line":25,"column":57},"end":{"line":25,"column":67}},"locations":[{"start":{"line":25,"column":57},"end":{"line":25,"column":67}}]},"5":{"type":"branch","line":25,"loc":{"start":{"line":25,"column":62},"end":{"line":25,"column":68}},"locations":[{"start":{"line":25,"column":62},"end":{"line":25,"column":68}}]},"6":{"type":"branch","line":26,"loc":{"start":{"line":26,"column":32},"end":{"line":26,"column":42}},"locations":[{"start":{"line":26,"column":32},"end":{"line":26,"column":42}}]},"7":{"type":"branch","line":26,"loc":{"start":{"line":26,"column":45},"end":{"line":26,"column":54}},"locations":[{"start":{"line":26,"column":45},"end":{"line":26,"column":54}}]},"8":{"type":"branch","line":20,"loc":{"start":{"line":20,"column":34},"end":{"line":20,"column":59}},"locations":[{"start":{"line":20,"column":34},"end":{"line":20,"column":59}}]},"9":{"type":"branch","line":37,"loc":{"start":{"line":37,"column":0},"end":{"line":88,"column":1}},"locations":[{"start":{"line":37,"column":0},"end":{"line":88,"column":1}}]},"10":{"type":"branch","line":51,"loc":{"start":{"line":51,"column":13},"end":{"line":58,"column":20}},"locations":[{"start":{"line":51,"column":13},"end":{"line":58,"column":20}}]},"11":{"type":"branch","line":51,"loc":{"start":{"line":51,"column":13},"end":{"line":57,"column":3}},"locations":[{"start":{"line":51,"column":13},"end":{"line":57,"column":3}}]},"12":{"type":"branch","line":58,"loc":{"start":{"line":58,"column":7},"end":{"line":58,"column":20}},"locations":[{"start":{"line":58,"column":7},"end":{"line":58,"column":20}}]},"13":{"type":"branch","line":58,"loc":{"start":{"line":58,"column":20},"end":{"line":62,"column":3}},"locations":[{"start":{"line":58,"column":20},"end":{"line":62,"column":3}}]},"14":{"type":"branch","line":62,"loc":{"start":{"line":62,"column":2},"end":{"line":63,"column":39}},"locations":[{"start":{"line":62,"column":2},"end":{"line":63,"column":39}}]},"15":{"type":"branch","line":62,"loc":{"start":{"line":62,"column":2},"end":{"line":63,"column":28}},"locations":[{"start":{"line":62,"column":2},"end":{"line":63,"column":28}}]},"16":{"type":"branch","line":63,"loc":{"start":{"line":63,"column":21},"end":{"line":63,"column":39}},"locations":[{"start":{"line":63,"column":21},"end":{"line":63,"column":39}}]},"17":{"type":"branch","line":63,"loc":{"start":{"line":63,"column":28},"end":{"line":63,"column":50}},"locations":[{"start":{"line":63,"column":28},"end":{"line":63,"column":50}}]},"18":{"type":"branch","line":65,"loc":{"start":{"line":65,"column":17},"end":{"line":65,"column":49}},"locations":[{"start":{"line":65,"column":17},"end":{"line":65,"column":49}}]},"19":{"type":"branch","line":65,"loc":{"start":{"line":65,"column":45},"end":{"line":65,"column":68}},"locations":[{"start":{"line":65,"column":45},"end":{"line":65,"column":68}}]},"20":{"type":"branch","line":66,"loc":{"start":{"line":66,"column":17},"end":{"line":66,"column":49}},"locations":[{"start":{"line":66,"column":17},"end":{"line":66,"column":49}}]},"21":{"type":"branch","line":66,"loc":{"start":{"line":66,"column":45},"end":{"line":66,"column":68}},"locations":[{"start":{"line":66,"column":45},"end":{"line":66,"column":68}}]},"22":{"type":"branch","line":79,"loc":{"start":{"line":79,"column":66},"end":{"line":79,"column":86}},"locations":[{"start":{"line":79,"column":66},"end":{"line":79,"column":86}}]},"23":{"type":"branch","line":79,"loc":{"start":{"line":79,"column":82},"end":{"line":79,"column":91}},"locations":[{"start":{"line":79,"column":82},"end":{"line":79,"column":91}}]},"24":{"type":"branch","line":83,"loc":{"start":{"line":83,"column":15},"end":{"line":83,"column":30}},"locations":[{"start":{"line":83,"column":15},"end":{"line":83,"column":30}}]},"25":{"type":"branch","line":84,"loc":{"start":{"line":84,"column":9},"end":{"line":84,"column":47}},"locations":[{"start":{"line":84,"column":9},"end":{"line":84,"column":47}}]},"26":{"type":"branch","line":84,"loc":{"start":{"line":84,"column":42},"end":{"line":84,"column":50}},"locations":[{"start":{"line":84,"column":42},"end":{"line":84,"column":50}}]},"27":{"type":"branch","line":48,"loc":{"start":{"line":48,"column":23},"end":{"line":48,"column":69}},"locations":[{"start":{"line":48,"column":23},"end":{"line":48,"column":69}}]},"28":{"type":"branch","line":48,"loc":{"start":{"line":48,"column":30},"end":{"line":48,"column":62}},"locations":[{"start":{"line":48,"column":30},"end":{"line":48,"column":62}}]},"29":{"type":"branch","line":48,"loc":{"start":{"line":48,"column":58},"end":{"line":48,"column":69}},"locations":[{"start":{"line":48,"column":58},"end":{"line":48,"column":69}}]},"30":{"type":"branch","line":49,"loc":{"start":{"line":49,"column":21},"end":{"line":49,"column":63}},"locations":[{"start":{"line":49,"column":21},"end":{"line":49,"column":63}}]},"31":{"type":"branch","line":49,"loc":{"start":{"line":49,"column":28},"end":{"line":49,"column":56}},"locations":[{"start":{"line":49,"column":28},"end":{"line":49,"column":56}}]},"32":{"type":"branch","line":49,"loc":{"start":{"line":49,"column":52},"end":{"line":49,"column":63}},"locations":[{"start":{"line":49,"column":52},"end":{"line":49,"column":63}}]},"33":{"type":"branch","line":91,"loc":{"start":{"line":91,"column":0},"end":{"line":97,"column":1}},"locations":[{"start":{"line":91,"column":0},"end":{"line":97,"column":1}}]},"34":{"type":"branch","line":93,"loc":{"start":{"line":93,"column":13},"end":{"line":93,"column":24}},"locations":[{"start":{"line":93,"column":13},"end":{"line":93,"column":24}}]}},"b":{"0":[4],"1":[4],"2":[0],"3":[0],"4":[0],"5":[0],"6":[0],"7":[0],"8":[16],"9":[88],"10":[87],"11":[1],"12":[6],"13":[81],"14":[7],"15":[6],"16":[5],"17":[1],"18":[0],"19":[6],"20":[0],"21":[6],"22":[6],"23":[0],"24":[1],"25":[5],"26":[1],"27":[17],"28":[3],"29":[14],"30":[17],"31":[3],"32":[14],"33":[6],"34":[0]},"fnMap":{"0":{"name":"sanitizePreviewSvg","decl":{"start":{"line":7,"column":7},"end":{"line":13,"column":1}},"loc":{"start":{"line":7,"column":7},"end":{"line":13,"column":1}},"line":7},"1":{"name":"extractViewBox","decl":{"start":{"line":16,"column":7},"end":{"line":27,"column":1}},"loc":{"start":{"line":16,"column":7},"end":{"line":27,"column":1}},"line":16},"2":{"name":"PagePreview","decl":{"start":{"line":37,"column":0},"end":{"line":88,"column":1}},"loc":{"start":{"line":37,"column":0},"end":{"line":88,"column":1}},"line":37},"3":{"name":"innerOf","decl":{"start":{"line":91,"column":0},"end":{"line":97,"column":1}},"loc":{"start":{"line":91,"column":0},"end":{"line":97,"column":1}},"line":91}},"f":{"0":4,"1":4,"2":88,"3":6}}
,"/root/projects/hp7475a-web/frontend/src/components/PenMap.tsx": {"path":"/root/projects/hp7475a-web/frontend/src/components/PenMap.tsx","all":false,"statementMap":{"0":{"start":{"line":1,"column":0},"end":{"line":1,"column":74}},"4":{"start":{"line":5,"column":0},"end":{"line":5,"column":48}},"5":{"start":{"line":6,"column":0},"end":{"line":6,"column":49}},"6":{"start":{"line":7,"column":0},"end":{"line":7,"column":1}},"9":{"start":{"line":10,"column":0},"end":{"line":10,"column":101}},"10":{"start":{"line":11,"column":0},"end":{"line":11,"column":34}},"11":{"start":{"line":12,"column":0},"end":{"line":12,"column":93}},"12":{"start":{"line":13,"column":0},"end":{"line":13,"column":4}},"13":{"start":{"line":14,"column":0},"end":{"line":14,"column":1}},"21":{"start":{"line":22,"column":0},"end":{"line":22,"column":32}},"22":{"start":{"line":23,"column":0},"end":{"line":23,"column":44}},"23":{"start":{"line":24,"column":0},"end":{"line":24,"column":4}},"28":{"start":{"line":29,"column":0},"end":{"line":29,"column":4}},"29":{"start":{"line":30,"column":0},"end":{"line":30,"column":56}},"30":{"start":{"line":31,"column":0},"end":{"line":31,"column":28}},"31":{"start":{"line":32,"column":0},"end":{"line":32,"column":32}},"32":{"start":{"line":33,"column":0},"end":{"line":33,"column":106}},"33":{"start":{"line":34,"column":0},"end":{"line":34,"column":9}},"34":{"start":{"line":35,"column":0},"end":{"line":35,"column":3}},"35":{"start":{"line":36,"column":0},"end":{"line":36,"column":47}},"36":{"start":{"line":37,"column":0},"end":{"line":37,"column":69}},"37":{"start":{"line":38,"column":0},"end":{"line":38,"column":42}},"38":{"start":{"line":39,"column":0},"end":{"line":39,"column":4}},"39":{"start":{"line":40,"column":0},"end":{"line":40,"column":10}},"40":{"start":{"line":41,"column":0},"end":{"line":41,"column":64}},"41":{"start":{"line":42,"column":0},"end":{"line":42,"column":13}},"42":{"start":{"line":43,"column":0},"end":{"line":43,"column":66}},"43":{"start":{"line":44,"column":0},"end":{"line":44,"column":14}},"44":{"start":{"line":45,"column":0},"end":{"line":45,"column":13}},"45":{"start":{"line":46,"column":0},"end":{"line":46,"column":28}},"46":{"start":{"line":47,"column":0},"end":{"line":47,"column":37}},"47":{"start":{"line":48,"column":0},"end":{"line":48,"column":18}},"48":{"start":{"line":49,"column":0},"end":{"line":49,"column":29}},"49":{"start":{"line":50,"column":0},"end":{"line":50,"column":31}},"50":{"start":{"line":51,"column":0},"end":{"line":51,"column":18}},"51":{"start":{"line":52,"column":0},"end":{"line":52,"column":59}},"52":{"start":{"line":53,"column":0},"end":{"line":53,"column":62}},"53":{"start":{"line":54,"column":0},"end":{"line":54,"column":63}},"54":{"start":{"line":55,"column":0},"end":{"line":55,"column":19}},"55":{"start":{"line":56,"column":0},"end":{"line":56,"column":18}},"56":{"start":{"line":57,"column":0},"end":{"line":57,"column":67}},"57":{"start":{"line":58,"column":0},"end":{"line":58,"column":35}},"58":{"start":{"line":59,"column":0},"end":{"line":59,"column":36}},"59":{"start":{"line":60,"column":0},"end":{"line":60,"column":45}},"60":{"start":{"line":61,"column":0},"end":{"line":61,"column":35}},"61":{"start":{"line":62,"column":0},"end":{"line":62,"column":49}},"62":{"start":{"line":63,"column":0},"end":{"line":63,"column":42}},"63":{"start":{"line":64,"column":0},"end":{"line":64,"column":37}},"64":{"start":{"line":65,"column":0},"end":{"line":65,"column":50}},"65":{"start":{"line":66,"column":0},"end":{"line":66,"column":21}},"66":{"start":{"line":67,"column":0},"end":{"line":67,"column":59}},"67":{"start":{"line":68,"column":0},"end":{"line":68,"column":50}},"68":{"start":{"line":69,"column":0},"end":{"line":69,"column":46}},"69":{"start":{"line":70,"column":0},"end":{"line":70,"column":29}},"70":{"start":{"line":71,"column":0},"end":{"line":71,"column":29}},"71":{"start":{"line":72,"column":0},"end":{"line":72,"column":21}},"72":{"start":{"line":73,"column":0},"end":{"line":73,"column":25}},"73":{"start":{"line":74,"column":0},"end":{"line":74,"column":33}},"74":{"start":{"line":75,"column":0},"end":{"line":75,"column":64}},"75":{"start":{"line":76,"column":0},"end":{"line":76,"column":62}},"77":{"start":{"line":78,"column":0},"end":{"line":78,"column":19}},"78":{"start":{"line":79,"column":0},"end":{"line":79,"column":17}},"80":{"start":{"line":81,"column":0},"end":{"line":81,"column":11}},"81":{"start":{"line":82,"column":0},"end":{"line":82,"column":14}},"82":{"start":{"line":83,"column":0},"end":{"line":83,"column":12}},"84":{"start":{"line":85,"column":0},"end":{"line":85,"column":1}}},"s":{"0":1,"4":1,"5":9,"6":9,"9":1,"10":38,"11":26,"12":38,"13":38,"21":48,"22":48,"23":48,"28":48,"29":48,"30":48,"31":8,"32":8,"33":8,"34":8,"35":40,"36":1,"37":1,"38":1,"39":40,"40":40,"41":40,"42":40,"43":40,"44":40,"45":40,"46":54,"47":54,"48":54,"49":54,"50":54,"51":54,"52":54,"53":54,"54":54,"55":54,"56":54,"57":54,"58":54,"59":2,"60":2,"61":1,"62":1,"63":1,"64":1,"65":2,"66":54,"67":54,"68":324,"69":324,"70":324,"71":54,"72":54,"73":54,"74":54,"75":54,"77":54,"78":54,"80":40,"81":40,"82":40,"84":40},"branchMap":{"0":{"type":"branch","line":5,"loc":{"start":{"line":5,"column":7},"end":{"line":7,"column":1}},"locations":[{"start":{"line":5,"column":7},"end":{"line":7,"column":1}}]},"1":{"type":"branch","line":6,"loc":{"start":{"line":6,"column":27},"end":{"line":6,"column":42}},"locations":[{"start":{"line":6,"column":27},"end":{"line":6,"column":42}}]},"2":{"type":"branch","line":6,"loc":{"start":{"line":6,"column":37},"end":{"line":6,"column":49}},"locations":[{"start":{"line":6,"column":37},"end":{"line":6,"column":49}}]},"3":{"type":"branch","line":10,"loc":{"start":{"line":10,"column":7},"end":{"line":14,"column":1}},"locations":[{"start":{"line":10,"column":7},"end":{"line":14,"column":1}}]},"4":{"type":"branch","line":11,"loc":{"start":{"line":11,"column":10},"end":{"line":11,"column":24}},"locations":[{"start":{"line":11,"column":10},"end":{"line":11,"column":24}}]},"5":{"type":"branch","line":11,"loc":{"start":{"line":11,"column":28},"end":{"line":12,"column":93}},"locations":[{"start":{"line":11,"column":28},"end":{"line":12,"column":93}}]},"6":{"type":"branch","line":12,"loc":{"start":{"line":12,"column":17},"end":{"line":12,"column":42}},"locations":[{"start":{"line":12,"column":17},"end":{"line":12,"column":42}}]},"7":{"type":"branch","line":12,"loc":{"start":{"line":12,"column":38},"end":{"line":12,"column":93}},"locations":[{"start":{"line":12,"column":38},"end":{"line":12,"column":93}}]},"8":{"type":"branch","line":12,"loc":{"start":{"line":12,"column":59},"end":{"line":12,"column":74}},"locations":[{"start":{"line":12,"column":59},"end":{"line":12,"column":74}}]},"9":{"type":"branch","line":22,"loc":{"start":{"line":22,"column":0},"end":{"line":85,"column":1}},"locations":[{"start":{"line":22,"column":0},"end":{"line":85,"column":1}}]},"10":{"type":"branch","line":30,"loc":{"start":{"line":30,"column":27},"end":{"line":30,"column":48}},"locations":[{"start":{"line":30,"column":27},"end":{"line":30,"column":48}}]},"11":{"type":"branch","line":30,"loc":{"start":{"line":30,"column":38},"end":{"line":30,"column":56}},"locations":[{"start":{"line":30,"column":38},"end":{"line":30,"column":56}}]},"12":{"type":"branch","line":31,"loc":{"start":{"line":31,"column":27},"end":{"line":35,"column":3}},"locations":[{"start":{"line":31,"column":27},"end":{"line":35,"column":3}}]},"13":{"type":"branch","line":33,"loc":{"start":{"line":33,"column":16},"end":{"line":33,"column":71}},"locations":[{"start":{"line":33,"column":16},"end":{"line":33,"column":71}}]},"14":{"type":"branch","line":33,"loc":{"start":{"line":33,"column":27},"end":{"line":33,"column":106}},"locations":[{"start":{"line":33,"column":27},"end":{"line":33,"column":106}}]},"15":{"type":"branch","line":35,"loc":{"start":{"line":35,"column":2},"end":{"line":85,"column":1}},"locations":[{"start":{"line":35,"column":2},"end":{"line":85,"column":1}}]},"16":{"type":"branch","line":36,"loc":{"start":{"line":36,"column":14},"end":{"line":39,"column":4}},"locations":[{"start":{"line":36,"column":14},"end":{"line":39,"column":4}}]},"17":{"type":"branch","line":37,"loc":{"start":{"line":37,"column":26},"end":{"line":37,"column":69}},"locations":[{"start":{"line":37,"column":26},"end":{"line":37,"column":69}}]},"18":{"type":"branch","line":46,"loc":{"start":{"line":46,"column":20},"end":{"line":81,"column":9}},"locations":[{"start":{"line":46,"column":20},"end":{"line":81,"column":9}}]},"19":{"type":"branch","line":53,"loc":{"start":{"line":53,"column":41},"end":{"line":53,"column":57}},"locations":[{"start":{"line":53,"column":41},"end":{"line":53,"column":57}}]},"20":{"type":"branch","line":54,"loc":{"start":{"line":54,"column":43},"end":{"line":54,"column":56}},"locations":[{"start":{"line":54,"column":43},"end":{"line":54,"column":56}}]},"21":{"type":"branch","line":58,"loc":{"start":{"line":58,"column":25},"end":{"line":58,"column":35}},"locations":[{"start":{"line":58,"column":25},"end":{"line":58,"column":35}}]},"22":{"type":"branch","line":59,"loc":{"start":{"line":59,"column":28},"end":{"line":66,"column":21}},"locations":[{"start":{"line":59,"column":28},"end":{"line":66,"column":21}}]},"23":{"type":"branch","line":61,"loc":{"start":{"line":61,"column":34},"end":{"line":65,"column":50}},"locations":[{"start":{"line":61,"column":34},"end":{"line":65,"column":50}}]},"24":{"type":"branch","line":68,"loc":{"start":{"line":68,"column":42},"end":{"line":71,"column":29}},"locations":[{"start":{"line":68,"column":42},"end":{"line":71,"column":29}}]}},"b":{"0":[9],"1":[8],"2":[6],"3":[38],"4":[13],"5":[26],"6":[25],"7":[1],"8":[0],"9":[48],"10":[8],"11":[40],"12":[8],"13":[1],"14":[7],"15":[40],"16":[1],"17":[0],"18":[54],"19":[41],"20":[41],"21":[0],"22":[2],"23":[1],"24":[324]},"fnMap":{"0":{"name":"isValidPen","decl":{"start":{"line":5,"column":7},"end":{"line":7,"column":1}},"loc":{"start":{"line":5,"column":7},"end":{"line":7,"column":1}},"line":5},"1":{"name":"normalizeLayers","decl":{"start":{"line":10,"column":7},"end":{"line":14,"column":1}},"loc":{"start":{"line":10,"column":7},"end":{"line":14,"column":1}},"line":10},"2":{"name":"PenMap","decl":{"start":{"line":22,"column":0},"end":{"line":85,"column":1}},"loc":{"start":{"line":22,"column":0},"end":{"line":85,"column":1}},"line":22},"3":{"name":"set","decl":{"start":{"line":36,"column":14},"end":{"line":39,"column":4}},"loc":{"start":{"line":36,"column":14},"end":{"line":39,"column":4}},"line":36},"4":{"name":"onChange","decl":{"start":{"line":59,"column":28},"end":{"line":66,"column":21}},"loc":{"start":{"line":59,"column":28},"end":{"line":66,"column":21}},"line":59}},"f":{"0":9,"1":38,"2":48,"3":1,"4":2}}
,"/root/projects/hp7475a-web/frontend/src/components/Progress.tsx": {"path":"/root/projects/hp7475a-web/frontend/src/components/Progress.tsx","all":false,"statementMap":{"0":{"start":{"line":1,"column":0},"end":{"line":1,"column":76}},"2":{"start":{"line":3,"column":0},"end":{"line":3,"column":34}},"3":{"start":{"line":4,"column":0},"end":{"line":4,"column":32}},"4":{"start":{"line":5,"column":0},"end":{"line":5,"column":57}},"5":{"start":{"line":6,"column":0},"end":{"line":6,"column":67}},"6":{"start":{"line":7,"column":0},"end":{"line":7,"column":58}},"7":{"start":{"line":8,"column":0},"end":{"line":8,"column":10}},"8":{"start":{"line":9,"column":0},"end":{"line":9,"column":81}},"9":{"start":{"line":10,"column":0},"end":{"line":10,"column":74}},"10":{"start":{"line":11,"column":0},"end":{"line":11,"column":67}},"11":{"start":{"line":12,"column":0},"end":{"line":12,"column":38}},"12":{"start":{"line":13,"column":0},"end":{"line":13,"column":97}},"13":{"start":{"line":14,"column":0},"end":{"line":14,"column":13}},"14":{"start":{"line":15,"column":0},"end":{"line":15,"column":10}},"16":{"start":{"line":17,"column":0},"end":{"line":17,"column":1}}},"s":{"0":1,"2":29,"3":29,"4":29,"5":29,"6":29,"7":29,"8":29,"9":29,"10":29,"11":29,"12":29,"13":29,"14":29,"16":29},"branchMap":{"0":{"type":"branch","line":3,"loc":{"start":{"line":3,"column":0},"end":{"line":17,"column":1}},"locations":[{"start":{"line":3,"column":0},"end":{"line":17,"column":1}}]},"1":{"type":"branch","line":6,"loc":{"start":{"line":6,"column":22},"end":{"line":6,"column":65}},"locations":[{"start":{"line":6,"column":22},"end":{"line":6,"column":65}}]},"2":{"type":"branch","line":6,"loc":{"start":{"line":6,"column":61},"end":{"line":6,"column":67}},"locations":[{"start":{"line":6,"column":61},"end":{"line":6,"column":67}}]},"3":{"type":"branch","line":9,"loc":{"start":{"line":9,"column":20},"end":{"line":9,"column":51}},"locations":[{"start":{"line":9,"column":20},"end":{"line":9,"column":51}}]},"4":{"type":"branch","line":9,"loc":{"start":{"line":9,"column":30},"end":{"line":9,"column":63}},"locations":[{"start":{"line":9,"column":30},"end":{"line":9,"column":63}}]},"5":{"type":"branch","line":13,"loc":{"start":{"line":13,"column":17},"end":{"line":13,"column":47}},"locations":[{"start":{"line":13,"column":17},"end":{"line":13,"column":47}}]},"6":{"type":"branch","line":13,"loc":{"start":{"line":13,"column":38},"end":{"line":13,"column":51}},"locations":[{"start":{"line":13,"column":38},"end":{"line":13,"column":51}}]},"7":{"type":"branch","line":13,"loc":{"start":{"line":13,"column":70},"end":{"line":13,"column":94}},"locations":[{"start":{"line":13,"column":70},"end":{"line":13,"column":94}}]},"8":{"type":"branch","line":13,"loc":{"start":{"line":13,"column":89},"end":{"line":13,"column":97}},"locations":[{"start":{"line":13,"column":89},"end":{"line":13,"column":97}}]},"9":{"type":"branch","line":7,"loc":{"start":{"line":7,"column":13},"end":{"line":7,"column":58}},"locations":[{"start":{"line":7,"column":13},"end":{"line":7,"column":58}}]}},"b":{"0":[29],"1":[19],"2":[10],"3":[10],"4":[19],"5":[19],"6":[10],"7":[19],"8":[10],"9":[48]},"fnMap":{"0":{"name":"Progress","decl":{"start":{"line":3,"column":0},"end":{"line":17,"column":1}},"loc":{"start":{"line":3,"column":0},"end":{"line":17,"column":1}},"line":3},"1":{"name":"kb","decl":{"start":{"line":7,"column":13},"end":{"line":7,"column":58}},"loc":{"start":{"line":7,"column":13},"end":{"line":7,"column":58}},"line":7}},"f":{"0":29,"1":48}}
,"/root/projects/hp7475a-web/frontend/src/components/StatusBadge.tsx": {"path":"/root/projects/hp7475a-web/frontend/src/components/StatusBadge.tsx","all":false,"statementMap":{"0":{"start":{"line":1,"column":0},"end":{"line":1,"column":46}},"3":{"start":{"line":4,"column":0},"end":{"line":4,"column":41}},"4":{"start":{"line":5,"column":0},"end":{"line":5,"column":67}},"5":{"start":{"line":6,"column":0},"end":{"line":6,"column":74}},"6":{"start":{"line":7,"column":0},"end":{"line":7,"column":71}},"7":{"start":{"line":8,"column":0},"end":{"line":8,"column":49}},"8":{"start":{"line":9,"column":0},"end":{"line":9,"column":2}},"10":{"start":{"line":11,"column":0},"end":{"line":11,"column":81}},"11":{"start":{"line":12,"column":0},"end":{"line":12,"column":96}},"12":{"start":{"line":13,"column":0},"end":{"line":13,"column":1}}},"s":{"0":1,"3":1,"4":1,"5":1,"6":1,"7":1,"8":1,"10":30,"11":30,"12":30},"branchMap":{"0":{"type":"branch","line":11,"loc":{"start":{"line":11,"column":0},"end":{"line":13,"column":1}},"locations":[{"start":{"line":11,"column":0},"end":{"line":13,"column":1}}]},"1":{"type":"branch","line":12,"loc":{"start":{"line":12,"column":40},"end":{"line":12,"column":59}},"locations":[{"start":{"line":12,"column":40},"end":{"line":12,"column":59}}]}},"b":{"0":[30],"1":[1]},"fnMap":{"0":{"name":"StatusBadge","decl":{"start":{"line":11,"column":0},"end":{"line":13,"column":1}},"loc":{"start":{"line":11,"column":0},"end":{"line":13,"column":1}},"line":11}},"f":{"0":30}}
,"/root/projects/hp7475a-web/frontend/src/components/Toast.tsx": {"path":"/root/projects/hp7475a-web/frontend/src/components/Toast.tsx","all":false,"statementMap":{"0":{"start":{"line":1,"column":0},"end":{"line":1,"column":38}},"3":{"start":{"line":4,"column":0},"end":{"line":4,"column":34}},"4":{"start":{"line":5,"column":0},"end":{"line":5,"column":44}},"5":{"start":{"line":6,"column":0},"end":{"line":6,"column":39}},"6":{"start":{"line":7,"column":0},"end":{"line":7,"column":10}},"7":{"start":{"line":8,"column":0},"end":{"line":8,"column":47}},"8":{"start":{"line":9,"column":0},"end":{"line":9,"column":26}},"9":{"start":{"line":10,"column":0},"end":{"line":10,"column":68}},"10":{"start":{"line":11,"column":0},"end":{"line":11,"column":31}},"11":{"start":{"line":12,"column":0},"end":{"line":12,"column":104}},"12":{"start":{"line":13,"column":0},"end":{"line":13,"column":14}},"13":{"start":{"line":14,"column":0},"end":{"line":14,"column":9}},"14":{"start":{"line":15,"column":0},"end":{"line":15,"column":10}},"16":{"start":{"line":17,"column":0},"end":{"line":17,"column":1}}},"s":{"0":1,"3":95,"4":95,"5":95,"6":4,"7":4,"8":4,"9":4,"10":4,"11":4,"12":4,"13":4,"14":4,"16":4},"branchMap":{"0":{"type":"branch","line":4,"loc":{"start":{"line":4,"column":0},"end":{"line":17,"column":1}},"locations":[{"start":{"line":4,"column":0},"end":{"line":17,"column":1}}]},"1":{"type":"branch","line":6,"loc":{"start":{"line":6,"column":27},"end":{"line":6,"column":39}},"locations":[{"start":{"line":6,"column":27},"end":{"line":6,"column":39}}]},"2":{"type":"branch","line":6,"loc":{"start":{"line":6,"column":34},"end":{"line":17,"column":1}},"locations":[{"start":{"line":6,"column":34},"end":{"line":17,"column":1}}]},"3":{"type":"branch","line":9,"loc":{"start":{"line":9,"column":18},"end":{"line":13,"column":14}},"locations":[{"start":{"line":9,"column":18},"end":{"line":13,"column":14}}]}},"b":{"0":[95],"1":[91],"2":[4],"3":[4]},"fnMap":{"0":{"name":"Toasts","decl":{"start":{"line":4,"column":0},"end":{"line":17,"column":1}},"loc":{"start":{"line":4,"column":0},"end":{"line":17,"column":1}},"line":4},"1":{"name":"onClick","decl":{"start":{"line":12,"column":68},"end":{"line":12,"column":94}},"loc":{"start":{"line":12,"column":68},"end":{"line":12,"column":94}},"line":12}},"f":{"0":95,"1":0}}
,"/root/projects/hp7475a-web/frontend/src/pages/DevicePage.tsx": {"path":"/root/projects/hp7475a-web/frontend/src/pages/DevicePage.tsx","all":false,"statementMap":{"0":{"start":{"line":1,"column":0},"end":{"line":1,"column":33}},"6":{"start":{"line":7,"column":0},"end":{"line":7,"column":104}},"7":{"start":{"line":8,"column":0},"end":{"line":8,"column":97}},"8":{"start":{"line":9,"column":0},"end":{"line":9,"column":1}},"10":{"start":{"line":11,"column":0},"end":{"line":11,"column":92}},"12":{"start":{"line":13,"column":0},"end":{"line":13,"column":38}},"13":{"start":{"line":14,"column":0},"end":{"line":14,"column":52}},"14":{"start":{"line":15,"column":0},"end":{"line":15,"column":62}},"15":{"start":{"line":16,"column":0},"end":{"line":16,"column":68}},"16":{"start":{"line":17,"column":0},"end":{"line":17,"column":74}},"17":{"start":{"line":18,"column":0},"end":{"line":18,"column":41}},"18":{"start":{"line":19,"column":0},"end":{"line":19,"column":46}},"19":{"start":{"line":20,"column":0},"end":{"line":20,"column":44}},"20":{"start":{"line":21,"column":0},"end":{"line":21,"column":46}},"21":{"start":{"line":22,"column":0},"end":{"line":22,"column":42}},"22":{"start":{"line":23,"column":0},"end":{"line":23,"column":77}},"23":{"start":{"line":24,"column":0},"end":{"line":24,"column":64}},"24":{"start":{"line":25,"column":0},"end":{"line":25,"column":38}},"25":{"start":{"line":26,"column":0},"end":{"line":26,"column":69}},"27":{"start":{"line":28,"column":0},"end":{"line":28,"column":33}},"28":{"start":{"line":29,"column":0},"end":{"line":29,"column":24}},"29":{"start":{"line":30,"column":0},"end":{"line":30,"column":9}},"30":{"start":{"line":31,"column":0},"end":{"line":31,"column":40}},"31":{"start":{"line":32,"column":0},"end":{"line":32,"column":26}},"32":{"start":{"line":33,"column":0},"end":{"line":33,"column":17}},"33":{"start":{"line":34,"column":0},"end":{"line":34,"column":40}},"34":{"start":{"line":35,"column":0},"end":{"line":35,"column":5}},"35":{"start":{"line":36,"column":0},"end":{"line":36,"column":4}},"37":{"start":{"line":38,"column":0},"end":{"line":38,"column":31}},"38":{"start":{"line":39,"column":0},"end":{"line":39,"column":30}},"39":{"start":{"line":40,"column":0},"end":{"line":40,"column":18}},"40":{"start":{"line":41,"column":0},"end":{"line":41,"column":9}},"41":{"start":{"line":42,"column":0},"end":{"line":42,"column":37}},"42":{"start":{"line":43,"column":0},"end":{"line":43,"column":61}},"43":{"start":{"line":44,"column":0},"end":{"line":44,"column":51}},"44":{"start":{"line":45,"column":0},"end":{"line":45,"column":9}},"45":{"start":{"line":46,"column":0},"end":{"line":46,"column":26}},"46":{"start":{"line":47,"column":0},"end":{"line":47,"column":28}},"47":{"start":{"line":48,"column":0},"end":{"line":48,"column":17}},"48":{"start":{"line":49,"column":0},"end":{"line":49,"column":17}},"49":{"start":{"line":50,"column":0},"end":{"line":50,"column":62}},"50":{"start":{"line":51,"column":0},"end":{"line":51,"column":15}},"51":{"start":{"line":52,"column":0},"end":{"line":52,"column":21}},"52":{"start":{"line":53,"column":0},"end":{"line":53,"column":5}},"53":{"start":{"line":54,"column":0},"end":{"line":54,"column":4}},"55":{"start":{"line":56,"column":0},"end":{"line":56,"column":32}},"56":{"start":{"line":57,"column":0},"end":{"line":57,"column":18}},"57":{"start":{"line":58,"column":0},"end":{"line":58,"column":9}},"58":{"start":{"line":59,"column":0},"end":{"line":59,"column":39}},"59":{"start":{"line":60,"column":0},"end":{"line":60,"column":61}},"60":{"start":{"line":61,"column":0},"end":{"line":61,"column":22}},"61":{"start":{"line":62,"column":0},"end":{"line":62,"column":17}},"62":{"start":{"line":63,"column":0},"end":{"line":63,"column":101}},"63":{"start":{"line":64,"column":0},"end":{"line":64,"column":46}},"64":{"start":{"line":65,"column":0},"end":{"line":65,"column":17}},"65":{"start":{"line":66,"column":0},"end":{"line":66,"column":63}},"66":{"start":{"line":67,"column":0},"end":{"line":67,"column":15}},"67":{"start":{"line":68,"column":0},"end":{"line":68,"column":21}},"68":{"start":{"line":69,"column":0},"end":{"line":69,"column":5}},"69":{"start":{"line":70,"column":0},"end":{"line":70,"column":4}},"71":{"start":{"line":72,"column":0},"end":{"line":72,"column":34}},"72":{"start":{"line":73,"column":0},"end":{"line":73,"column":49}},"73":{"start":{"line":74,"column":0},"end":{"line":74,"column":53}},"74":{"start":{"line":75,"column":0},"end":{"line":75,"column":4}},"76":{"start":{"line":77,"column":0},"end":{"line":77,"column":34}},"77":{"start":{"line":78,"column":0},"end":{"line":78,"column":9}},"78":{"start":{"line":79,"column":0},"end":{"line":79,"column":29}},"79":{"start":{"line":80,"column":0},"end":{"line":80,"column":58}},"80":{"start":{"line":81,"column":0},"end":{"line":81,"column":28}},"81":{"start":{"line":82,"column":0},"end":{"line":82,"column":34}},"82":{"start":{"line":83,"column":0},"end":{"line":83,"column":55}},"83":{"start":{"line":84,"column":0},"end":{"line":84,"column":4}},"85":{"start":{"line":86,"column":0},"end":{"line":86,"column":47}},"87":{"start":{"line":88,"column":0},"end":{"line":88,"column":10}},"88":{"start":{"line":89,"column":0},"end":{"line":89,"column":38}},"89":{"start":{"line":90,"column":0},"end":{"line":90,"column":33}},"90":{"start":{"line":91,"column":0},"end":{"line":91,"column":70}},"92":{"start":{"line":93,"column":0},"end":{"line":93,"column":101}},"93":{"start":{"line":94,"column":0},"end":{"line":94,"column":39}},"94":{"start":{"line":95,"column":0},"end":{"line":95,"column":68}},"95":{"start":{"line":96,"column":0},"end":{"line":96,"column":51}},"96":{"start":{"line":97,"column":0},"end":{"line":97,"column":149}},"97":{"start":{"line":98,"column":0},"end":{"line":98,"column":16}},"100":{"start":{"line":101,"column":0},"end":{"line":101,"column":26}},"101":{"start":{"line":102,"column":0},"end":{"line":102,"column":76}},"102":{"start":{"line":103,"column":0},"end":{"line":103,"column":115}},"103":{"start":{"line":104,"column":0},"end":{"line":104,"column":15}},"105":{"start":{"line":106,"column":0},"end":{"line":106,"column":28}},"106":{"start":{"line":107,"column":0},"end":{"line":107,"column":40}},"107":{"start":{"line":108,"column":0},"end":{"line":108,"column":48}},"108":{"start":{"line":109,"column":0},"end":{"line":109,"column":105}},"109":{"start":{"line":110,"column":0},"end":{"line":110,"column":18}},"110":{"start":{"line":111,"column":0},"end":{"line":111,"column":153}},"111":{"start":{"line":112,"column":0},"end":{"line":112,"column":120}},"112":{"start":{"line":113,"column":0},"end":{"line":113,"column":195}},"113":{"start":{"line":114,"column":0},"end":{"line":114,"column":38}},"114":{"start":{"line":115,"column":0},"end":{"line":115,"column":41}},"115":{"start":{"line":116,"column":0},"end":{"line":116,"column":99}},"116":{"start":{"line":117,"column":0},"end":{"line":117,"column":25}},"117":{"start":{"line":118,"column":0},"end":{"line":118,"column":95}},"118":{"start":{"line":119,"column":0},"end":{"line":119,"column":60}},"119":{"start":{"line":120,"column":0},"end":{"line":120,"column":26}},"120":{"start":{"line":121,"column":0},"end":{"line":121,"column":39}},"121":{"start":{"line":122,"column":0},"end":{"line":122,"column":102}},"122":{"start":{"line":123,"column":0},"end":{"line":123,"column":96}},"123":{"start":{"line":124,"column":0},"end":{"line":124,"column":139}},"124":{"start":{"line":125,"column":0},"end":{"line":125,"column":27}},"125":{"start":{"line":126,"column":0},"end":{"line":126,"column":26}},"126":{"start":{"line":127,"column":0},"end":{"line":127,"column":90}},"127":{"start":{"line":128,"column":0},"end":{"line":128,"column":101}},"128":{"start":{"line":129,"column":0},"end":{"line":129,"column":185}},"129":{"start":{"line":130,"column":0},"end":{"line":130,"column":21}},"130":{"start":{"line":131,"column":0},"end":{"line":131,"column":17}},"131":{"start":{"line":132,"column":0},"end":{"line":132,"column":17}},"132":{"start":{"line":133,"column":0},"end":{"line":133,"column":122}},"133":{"start":{"line":134,"column":0},"end":{"line":134,"column":15}},"135":{"start":{"line":136,"column":0},"end":{"line":136,"column":28}},"136":{"start":{"line":137,"column":0},"end":{"line":137,"column":78}},"137":{"start":{"line":138,"column":0},"end":{"line":138,"column":41}},"138":{"start":{"line":139,"column":0},"end":{"line":139,"column":30}},"139":{"start":{"line":140,"column":0},"end":{"line":140,"column":87}},"140":{"start":{"line":141,"column":0},"end":{"line":141,"column":97}},"141":{"start":{"line":142,"column":0},"end":{"line":142,"column":25}},"142":{"start":{"line":143,"column":0},"end":{"line":143,"column":22}},"143":{"start":{"line":144,"column":0},"end":{"line":144,"column":30}},"144":{"start":{"line":145,"column":0},"end":{"line":145,"column":95}},"145":{"start":{"line":146,"column":0},"end":{"line":146,"column":54}},"146":{"start":{"line":147,"column":0},"end":{"line":147,"column":25}},"147":{"start":{"line":148,"column":0},"end":{"line":148,"column":22}},"148":{"start":{"line":149,"column":0},"end":{"line":149,"column":27}},"149":{"start":{"line":150,"column":0},"end":{"line":150,"column":83}},"150":{"start":{"line":151,"column":0},"end":{"line":151,"column":110}},"151":{"start":{"line":152,"column":0},"end":{"line":152,"column":25}},"152":{"start":{"line":153,"column":0},"end":{"line":153,"column":22}},"153":{"start":{"line":154,"column":0},"end":{"line":154,"column":30}},"154":{"start":{"line":155,"column":0},"end":{"line":155,"column":95}},"155":{"start":{"line":156,"column":0},"end":{"line":156,"column":54}},"156":{"start":{"line":157,"column":0},"end":{"line
[...]
lumn":0},"end":{"line":32,"column":115}},"32":{"start":{"line":33,"column":0},"end":{"line":33,"column":17}},"33":{"start":{"line":34,"column":0},"end":{"line":34,"column":83}},"34":{"start":{"line":35,"column":0},"end":{"line":35,"column":13}},"35":{"start":{"line":36,"column":0},"end":{"line":36,"column":5}},"36":{"start":{"line":37,"column":0},"end":{"line":37,"column":24}},"37":{"start":{"line":38,"column":0},"end":{"line":38,"column":20}},"38":{"start":{"line":39,"column":0},"end":{"line":39,"column":9}},"39":{"start":{"line":40,"column":0},"end":{"line":40,"column":36}},"40":{"start":{"line":41,"column":0},"end":{"line":41,"column":36}},"41":{"start":{"line":42,"column":0},"end":{"line":42,"column":19}},"42":{"start":{"line":43,"column":0},"end":{"line":43,"column":17}},"43":{"start":{"line":44,"column":0},"end":{"line":44,"column":59}},"44":{"start":{"line":45,"column":0},"end":{"line":45,"column":15}},"45":{"start":{"line":46,"column":0},"end":{"line":46,"column":23}},"46":{"start":{"line":47,"column":0},"end":{"line":47,"column":5}},"47":{"start":{"line":48,"column":0},"end":{"line":48,"column":4}},"49":{"start":{"line":50,"column":0},"end":{"line":50,"column":10}},"50":{"start":{"line":51,"column":0},"end":{"line":51,"column":40}},"51":{"start":{"line":52,"column":0},"end":{"line":52,"column":33}},"52":{"start":{"line":53,"column":0},"end":{"line":53,"column":25}},"53":{"start":{"line":54,"column":0},"end":{"line":54,"column":127}},"54":{"start":{"line":55,"column":0},"end":{"line":55,"column":66}},"55":{"start":{"line":56,"column":0},"end":{"line":56,"column":24}},"56":{"start":{"line":57,"column":0},"end":{"line":57,"column":47}},"57":{"start":{"line":58,"column":0},"end":{"line":58,"column":65}},"58":{"start":{"line":59,"column":0},"end":{"line":59,"column":81}},"59":{"start":{"line":60,"column":0},"end":{"line":60,"column":81}},"60":{"start":{"line":61,"column":0},"end":{"line":61,"column":81}},"61":{"start":{"line":62,"column":0},"end":{"line":62,"column":49}},"62":{"start":{"line":63,"column":0},"end":{"line":63,"column":15}},"63":{"start":{"line":64,"column":0},"end":{"line":64,"column":117}},"64":{"start":{"line":65,"column":0},"end":{"line":65,"column":15}},"65":{"start":{"line":66,"column":0},"end":{"line":66,"column":41}},"66":{"start":{"line":67,"column":0},"end":{"line":67,"column":89}},"67":{"start":{"line":68,"column":0},"end":{"line":68,"column":44}},"68":{"start":{"line":69,"column":0},"end":{"line":69,"column":30}},"69":{"start":{"line":70,"column":0},"end":{"line":70,"column":39}},"70":{"start":{"line":71,"column":0},"end":{"line":71,"column":19}},"71":{"start":{"line":72,"column":0},"end":{"line":72,"column":64}},"72":{"start":{"line":73,"column":0},"end":{"line":73,"column":122}},"73":{"start":{"line":74,"column":0},"end":{"line":74,"column":29}},"74":{"start":{"line":75,"column":0},"end":{"line":75,"column":99}},"75":{"start":{"line":76,"column":0},"end":{"line":76,"column":15}},"76":{"start":{"line":77,"column":0},"end":{"line":77,"column":17}},"77":{"start":{"line":78,"column":0},"end":{"line":78,"column":78}},"78":{"start":{"line":79,"column":0},"end":{"line":79,"column":39}},"79":{"start":{"line":80,"column":0},"end":{"line":80,"column":136}},"80":{"start":{"line":81,"column":0},"end":{"line":81,"column":59}},"81":{"start":{"line":82,"column":0},"end":{"line":82,"column":21}},"82":{"start":{"line":83,"column":0},"end":{"line":83,"column":113}},"83":{"start":{"line":84,"column":0},"end":{"line":84,"column":16}},"84":{"start":{"line":85,"column":0},"end":{"line":85,"column":13}},"85":{"start":{"line":86,"column":0},"end":{"line":86,"column":16}},"86":{"start":{"line":87,"column":0},"end":{"line":87,"column":10}},"88":{"start":{"line":89,"column":0},"end":{"line":89,"column":1}},"90":{"start":{"line":91,"column":0},"end":{"line":91,"column":59}},"91":{"start":{"line":92,"column":0},"end":{"line":92,"column":47}},"92":{"start":{"line":93,"column":0},"end":{"line":93,"column":1}}},"s":{"0":1,"7":13,"8":13,"9":13,"10":13,"11":13,"12":13,"13":13,"15":13,"16":4,"17":4,"18":4,"19":4,"20":4,"21":4,"22":0,"23":0,"24":13,"25":13,"27":13,"28":1,"29":1,"30":1,"31":1,"32":1,"33":0,"34":0,"35":0,"36":1,"37":1,"38":1,"39":1,"40":1,"41":1,"42":1,"43":0,"44":1,"45":1,"46":1,"47":1,"49":13,"50":13,"51":13,"52":13,"53":13,"54":13,"55":13,"56":7,"57":7,"58":7,"59":7,"60":7,"61":5,"62":1,"63":7,"64":7,"65":7,"66":7,"67":7,"68":7,"69":2,"70":2,"71":2,"72":2,"73":2,"74":1,"75":1,"76":7,"77":7,"78":7,"79":7,"80":7,"81":7,"82":7,"83":7,"84":7,"85":13,"86":13,"88":13,"90":5,"91":5,"92":5},"branchMap":{"0":{"type":"branch","line":8,"loc":{"start":{"line":8,"column":0},"end":{"line":89,"column":1}},"locations":[{"start":{"line":8,"column":0},"end":{"line":89,"column":1}}]},"1":{"type":"branch","line":54,"loc":{"start":{"line":54,"column":9},"end":{"line":54,"column":127}},"locations":[{"start":{"line":54,"column":9},"end":{"line":54,"column":127}}]},"2":{"type":"branch","line":55,"loc":{"start":{"line":55,"column":10},"end":{"line":55,"column":32}},"locations":[{"start":{"line":55,"column":10},"end":{"line":55,"column":32}}]},"3":{"type":"branch","line":55,"loc":{"start":{"line":55,"column":23},"end":{"line":55,"column":66}},"locations":[{"start":{"line":55,"column":23},"end":{"line":55,"column":66}}]},"4":{"type":"branch","line":56,"loc":{"start":{"line":56,"column":9},"end":{"line":85,"column":13}},"locations":[{"start":{"line":56,"column":9},"end":{"line":85,"column":13}}]},"5":{"type":"branch","line":59,"loc":{"start":{"line":59,"column":30},"end":{"line":59,"column":81}},"locations":[{"start":{"line":59,"column":30},"end":{"line":59,"column":81}}]},"6":{"type":"branch","line":60,"loc":{"start":{"line":60,"column":30},"end":{"line":60,"column":81}},"locations":[{"start":{"line":60,"column":30},"end":{"line":60,"column":81}}]},"7":{"type":"branch","line":61,"loc":{"start":{"line":61,"column":22},"end":{"line":63,"column":15}},"locations":[{"start":{"line":61,"column":22},"end":{"line":63,"column":15}}]},"8":{"type":"branch","line":64,"loc":{"start":{"line":64,"column":42},"end":{"line":64,"column":117}},"locations":[{"start":{"line":64,"column":42},"end":{"line":64,"column":117}}]},"9":{"type":"branch","line":78,"loc":{"start":{"line":78,"column":11},"end":{"line":78,"column":78}},"locations":[{"start":{"line":78,"column":11},"end":{"line":78,"column":78}}]},"10":{"type":"branch","line":80,"loc":{"start":{"line":80,"column":50},"end":{"line":80,"column":80}},"locations":[{"start":{"line":80,"column":50},"end":{"line":80,"column":80}}]},"11":{"type":"branch","line":81,"loc":{"start":{"line":81,"column":15},"end":{"line":81,"column":36}},"locations":[{"start":{"line":81,"column":15},"end":{"line":81,"column":36}}]},"12":{"type":"branch","line":81,"loc":{"start":{"line":81,"column":24},"end":{"line":81,"column":59}},"locations":[{"start":{"line":81,"column":24},"end":{"line":81,"column":59}}]},"13":{"type":"branch","line":16,"loc":{"start":{"line":16,"column":27},"end":{"line":25,"column":5}},"locations":[{"start":{"line":16,"column":27},"end":{"line":25,"column":5}}]},"14":{"type":"branch","line":20,"loc":{"start":{"line":20,"column":32},"end":{"line":20,"column":46}},"locations":[{"start":{"line":20,"column":32},"end":{"line":20,"column":46}}]},"15":{"type":"branch","line":22,"loc":{"start":{"line":22,"column":4},"end":{"line":24,"column":5}},"locations":[{"start":{"line":22,"column":4},"end":{"line":24,"column":5}}]},"16":{"type":"branch","line":26,"loc":{"start":{"line":26,"column":12},"end":{"line":26,"column":36}},"locations":[{"start":{"line":26,"column":12},"end":{"line":26,"column":36}}]},"17":{"type":"branch","line":28,"loc":{"start":{"line":28,"column":15},"end":{"line":48,"column":4}},"locations":[{"start":{"line":28,"column":15},"end":{"line":48,"column":4}}]},"18":{"type":"branch","line":32,"loc":{"start":{"line":32,"column":82},"end":{"line":32,"column":115}},"locations":[{"start":{"line":32,"column":82},"end":{"line":32,"column":115}}]},"19":{"type":"branch","line":33,"loc":{"start":{"line":33,"column":4},"end":{"line":36,"column":5}},"locations":[{"start":{"line":33,"column":4},"end":{"line":36,"column":5}}]},"20":{"type":"branch","line":43,"loc":{"start":{"line":43,"column":4},"end":{"line":45,"column":6}},"locations":[{"start":{"line":43,"column":4},"end":{"line":45,"column":6}}]},"21":{"type":"branch","line":61,"loc":{"start":{"line":61,"column":68},"end":{"line":62,"column":49}},"locations":[{"start":{"line":61,"column":68},"end":{"line":62,"column":49}}]},"22":{"type":"branch","line":69,"loc":{"start":{"line":69,"column":22},"end":{"line":77,"column":15}},"locations":[{"start":{"line":69,"column":22},"end":{"line":77,"column":15}}]},"23":{"type":"branch","line":73,"loc":{"start":{"line":73,"column":30},"end":{"line":73,"column":60}},"locations":[{"start":{"line":73,"column":30},"end":{"line":73,"column":60}}]},"24":{"type":"branch","line":73,"loc":{"start":{"line":73,"column":48},"end":{"line":73,"column":80}},"locations":[{"start":{"line":73,"column":48},"end":{"line":73,"column":80}}]},"25":{"type":"branch","line":73,"loc":{"start":{"line":73,"column":76},"end":{"line":73,"column":87}},"locations":[{"start":{"line":73,"column":76},"end":{"line":73,"column":87}}]},"26":{"type":"branch","line":73,"loc":{"start":{"line":73,"column":80},"end":{"line":73,"column":120}},"locations":[{"start":{"line":73,"column":80},"end":{"line":73,"column":120}}]},"27":{"type":"branch","line":74,"loc":{"start":{"line":74,"column":14},"end":{"line":76,"column":15}},"locations":[{"start":{"line":74,"column":14},"end":{"line":76,"column":15}}]},"28":{"type":"branch","line":75,"loc":{"start":{"line":75,"column":74},"end":{"line":75,"column":95}},"locations":[{"start":{"line":75,"column":74},"end":{"line":75,"column":95}}]},"29":{"type":"branch","line":80,"loc":{"start":{"line":80,"column":89},"end":{"line":80,"column":108}},"locations":[{"start":{"line":80,"column":89},"end":{"line":80,"column":108}}]},"30":{"type":"branch","line":91,"loc":{"start":{"line":91,"column":0},"end":{"line":93,"column":1}},"locations":[{"start":{"line":91,"column":0},"end":{"line":93,"column":1}}]}},"b":{"0":[13],"1":[0],"2":[6],"3":[6],"4":[7],"5":[1],"6":[1],"7":[1],"8":[1],"9":[1],"10":[6],"11":[1],"12":[6],"13":[4],"14":[0],"15":[0],"16":[3],"17":[1],"18":[0],"19":[0],"20":[0],"21":[5],"22":[2],"23":[1],"24":[1],"25":[1],"26":[0],"27":[1],"28":[0],"29":[1],"30":[5]},"fnMap":{"0":{"name":"SettingsPage","decl":{"start":{"line":8,"column":0},"end":{"line":89,"column":1}},"loc":{"start":{"line":8,"column":0},"end":{"line":89,"column":1}},"line":8},"1":{"name":"save","decl":{"start":{"line":28,"column":15},"end":{"line":48,"column":4}},"loc":{"start":{"line":28,"column":15},"end":{"line":48,"column":4}},"line":28},"2":{"name":"onClick","decl":{"start":{"line":54,"column":87},"end":{"line":54,"column":106}},"loc":{"start":{"line":54,"column":87},"end":{"line":54,"column":106}},"line":54},"3":{"name":"onChange","decl":{"start":{"line":69,"column":22},"end":{"line":77,"column":15}},"loc":{"start":{"line":69,"column":22},"end":{"line":77,"column":15}},"line":69},"4":{"name":"onClick","decl":{"start":{"line":80,"column":89},"end":{"line":80,"column":108}},"loc":{"start":{"line":80,"column":89},"end":{"line":80,"column":108}},"line":80},"5":{"name":"onClick","decl":{"start":{"line":83,"column":29},"end":{"line":83,"column":93}},"loc":{"start":{"line":83,"column":29},"end":{"line":83,"column":93}},"line":83},"6":{"name":"FragmentRow","decl":{"start":{"line":91,"column":0},"end":{"line":93,"column":1}},"loc":{"start":{"line":91,"column":0},"end":{"line":93,"column":1}},"line":91}},"f":{"0":13,"1":1,"2":0,"3":2,"4":1,"5":0,"6":5}}
,"/root/projects/hp7475a-web/frontend/src/state/app.tsx": {"path":"/root/projects/hp7475a-web/frontend/src/state/app.tsx","all":false,"statementMap":{"0":{"start":{"line":1,"column":0},"end":{"line":1,"column":72}},"30":{"start":{"line":31,"column":0},"end":{"line":31,"column":47}},"32":{"start":{"line":33,"column":0},"end":{"line":33,"column":29}},"33":{"start":{"line":34,"column":0},"end":{"line":34,"column":11}},"34":{"start":{"line":35,"column":0},"end":{"line":35,"column":14}},"35":{"start":{"line":36,"column":0},"end":{"line":36,"column":4}},"38":{"start":{"line":39,"column":0},"end":{"line":39,"column":4}},"39":{"start":{"line":40,"column":0},"end":{"line":40,"column":40}},"40":{"start":{"line":41,"column":0},"end":{"line":41,"column":34}},"41":{"start":{"line":42,"column":0},"end":{"line":42,"column":60}},"43":{"start":{"line":44,"column":0},"end":{"line":44,"column":52}},"44":{"start":{"line":45,"column":0},"end":{"line":45,"column":28}},"45":{"start":{"line":46,"column":0},"end":{"line":46,"column":68}},"46":{"start":{"line":47,"column":0},"end":{"line":47,"column":33}},"47":{"start":{"line":48,"column":0},"end":{"line":48,"column":49}},"48":{"start":{"line":49,"column":0},"end":{"line":49,"column":75}},"49":{"start":{"line":50,"column":0},"end":{"line":50,"column":9}},"50":{"start":{"line":51,"column":0},"end":{"line":51,"column":52}},"51":{"start":{"line":52,"column":0},"end":{"line":52,"column":51}},"52":{"start":{"line":53,"column":0},"end":{"line":53,"column":9}},"54":{"start":{"line":55,"column":0},"end":{"line":55,"column":66}},"55":{"start":{"line":56,"column":0},"end":{"line":56,"column":70}},"56":{"start":{"line":57,"column":0},"end":{"line":57,"column":49}},"57":{"start":{"line":58,"column":0},"end":{"line":58,"column":9}},"58":{"start":{"line":59,"column":0},"end":{"line":59,"column":42}},"59":{"start":{"line":60,"column":0},"end":{"line":60,"column":27}},"60":{"start":{"line":61,"column":0},"end":{"line":61,"column":17}},"61":{"start":{"line":62,"column":0},"end":{"line":62,"column":65}},"62":{"start":{"line":63,"column":0},"end":{"line":63,"column":5}},"63":{"start":{"line":64,"column":0},"end":{"line":64,"column":9}},"64":{"start":{"line":65,"column":0},"end":{"line":65,"column":19}},"65":{"start":{"line":66,"column":0},"end":{"line":66,"column":25}},"66":{"start":{"line":67,"column":0},"end":{"line":67,"column":60}},"67":{"start":{"line":68,"column":0},"end":{"line":68,"column":34}},"68":{"start":{"line":69,"column":0},"end":{"line":69,"column":31}},"70":{"start":{"line":71,"column":0},"end":{"line":71,"column":70}},"71":{"start":{"line":72,"column":0},"end":{"line":72,"column":70}},"72":{"start":{"line":73,"column":0},"end":{"line":73,"column":46}},"73":{"start":{"line":74,"column":0},"end":{"line":74,"column":9}},"74":{"start":{"line":75,"column":0},"end":{"line":75,"column":39}},"75":{"start":{"line":76,"column":0},"end":{"line":76,"column":27}},"76":{"start":{"line":77,"column":0},"end":{"line":77,"column":17}},"77":{"start":{"line":78,"column":0},"end":{"line":78,"column":65}},"78":{"start":{"line":79,"column":0},"end":{"line":79,"column":5}},"79":{"start":{"line":80,"column":0},"end":{"line":80,"column":9}},"80":{"start":{"line":81,"column":0},"end":{"line":81,"column":56}},"82":{"start":{"line":83,"column":0},"end":{"line":83,"column":40}},"83":{"start":{"line":84,"column":0},"end":{"line":84,"column":64}},"84":{"start":{"line":85,"column":0},"end":{"line":85,"column":70}},"85":{"start":{"line":86,"column":0},"end":{"line":86,"column":110}},"87":{"start":{"line":88,"column":0},"end":{"line":88,"column":63}},"88":{"start":{"line":89,"column":0},"end":{"line":89,"column":1}},"90":{"start":{"line":91,"column":0},"end":{"line":91,"column":34}},"91":{"start":{"line":92,"column":0},"end":{"line":92,"column":30}},"92":{"start":{"line":93,"column":0},"end":{"line":93,"column":58}},"93":{"start":{"line":94,"column":0},"end":{"line":94,"column":13}},"94":{"start":{"line":95,"column":0},"end":{"line":95,"column":1}}},"s":{"0":1,"30":1,"32":1,"33":107,"34":107,"35":107,"38":107,"39":107,"40":107,"41":107,"43":107,"44":107,"45":107,"46":4,"47":4,"48":4,"49":107,"50":107,"51":0,"52":107,"54":107,"55":107,"56":107,"57":39,"58":39,"59":37,"60":37,"61":2,"62":2,"63":107,"64":107,"65":36,"66":36,"67":36,"68":107,"70":107,"71":107,"72":107,"73":32,"74":32,"75":32,"76":32,"77":0,"78":0,"79":107,"80":107,"82":107,"83":106,"84":106,"85":107,"87":107,"88":107,"90":1,"91":271,"92":271,"93":271,"94":271},"branchMap":{"0":{"type":"branch","line":33,"loc":{"start":{"line":33,"column":7},"end":{"line":89,"column":1}},"locations":[{"start":{"line":33,"column":7},"end":{"line":89,"column":1}}]},"1":{"type":"branch","line":42,"loc":{"start":{"line":42,"column":29},"end":{"line":42,"column":58}},"locations":[{"start":{"line":42,"column":29},"end":{"line":42,"column":58}}]},"2":{"type":"branch","line":42,"loc":{"start":{"line":42,"column":46},"end":{"line":42,"column":58}},"locations":[{"start":{"line":42,"column":46},"end":{"line":42,"column":58}}]},"3":{"type":"branch","line":46,"loc":{"start":{"line":46,"column":28},"end":{"line":50,"column":5}},"locations":[{"start":{"line":46,"column":28},"end":{"line":50,"column":5}}]},"4":{"type":"branch","line":48,"loc":{"start":{"line":48,"column":14},"end":{"line":48,"column":47}},"locations":[{"start":{"line":48,"column":14},"end":{"line":48,"column":47}}]},"5":{"type":"branch","line":57,"loc":{"start":{"line":57,"column":36},"end":{"line":64,"column":5}},"locations":[{"start":{"line":57,"column":36},"end":{"line":64,"column":5}}]},"6":{"type":"branch","line":59,"loc":{"start":{"line":59,"column":40},"end":{"line":63,"column":5}},"locations":[{"start":{"line":59,"column":40},"end":{"line":63,"column":5}}]},"7":{"type":"branch","line":61,"loc":{"start":{"line":61,"column":4},"end":{"line":63,"column":5}},"locations":[{"start":{"line":61,"column":4},"end":{"line":63,"column":5}}]},"8":{"type":"branch","line":62,"loc":{"start":{"line":62,"column":44},"end":{"line":62,"column":63}},"locations":[{"start":{"line":62,"column":44},"end":{"line":62,"column":63}}]},"9":{"type":"branch","line":65,"loc":{"start":{"line":65,"column":12},"end":{"line":69,"column":5}},"locations":[{"start":{"line":65,"column":12},"end":{"line":69,"column":5}}]},"10":{"type":"branch","line":68,"loc":{"start":{"line":68,"column":11},"end":{"line":68,"column":34}},"locations":[{"start":{"line":68,"column":11},"end":{"line":68,"column":34}}]},"11":{"type":"branch","line":73,"loc":{"start":{"line":73,"column":33},"end":{"line":80,"column":5}},"locations":[{"start":{"line":73,"column":33},"end":{"line":80,"column":5}}]},"12":{"type":"branch","line":77,"loc":{"start":{"line":77,"column":4},"end":{"line":79,"column":5}},"locations":[{"start":{"line":77,"column":4},"end":{"line":79,"column":5}}]},"13":{"type":"branch","line":81,"loc":{"start":{"line":81,"column":12},"end":{"line":81,"column":42}},"locations":[{"start":{"line":81,"column":12},"end":{"line":81,"column":42}}]},"14":{"type":"branch","line":83,"loc":{"start":{"line":83,"column":32},"end":{"line":86,"column":6}},"locations":[{"start":{"line":83,"column":32},"end":{"line":86,"column":6}}]},"15":{"type":"branch","line":91,"loc":{"start":{"line":91,"column":7},"end":{"line":95,"column":1}},"locations":[{"start":{"line":91,"column":7},"end":{"line":95,"column":1}}]},"16":{"type":"branch","line":93,"loc":{"start":{"line":93,"column":12},"end":{"line":93,"column":58}},"locations":[{"start":{"line":93,"column":12},"end":{"line":93,"column":58}}]}},"b":{"0":[107],"1":[5],"2":[0],"3":[4],"4":[4],"5":[39],"6":[37],"7":[2],"8":[0],"9":[36],"10":[36],"11":[32],"12":[0],"13":[32],"14":[106],"15":[271],"16":[0]},"fnMap":{"0":{"name":"AppProvider","decl":{"start":{"line":33,"column":7},"end":{"line":89,"column":1}},"loc":{"start":{"line":33,"column":7},"end":{"line":89,"column":1}},"line":33},"1":{"name":"retryPapers","decl":{"start":{"line":85,"column":17},"end":{"line":85,"column":42}},"loc":{"start":{"line":85,"column":17},"end":{"line":85,"column":42}},"line":85},"2":{"name":"useApp","decl":{"start":{"line":91,"column":7},"end":{"line":95,"column":1}},"loc":{"start":{"line":91,"column":7},"end":{"line":95,"column":1}},"line":91}},"f":{"0":107,"1":0,"2":271}}
}
